0 info it worked if it ends with ok
1 verbose cli [ '/usr/local/bin/node',
1 verbose cli   '/usr/local/bin/npm',
1 verbose cli   'uninstall',
1 verbose cli   'react-tools' ]
2 info using npm@3.7.3
3 info using node@v5.9.0
4 silly loadCurrentTree Starting
5 silly install loadCurrentTree
6 silly install readLocalPackageData
7 silly install normalizeTree
8 silly loadCurrentTree Finishing
9 silly loadIdealTree Starting
10 silly install loadIdealTree
11 silly cloneCurrentTree Starting
12 silly install cloneCurrentTreeToIdealTree
13 silly cloneCurrentTree Finishing
14 silly loadShrinkwrap Starting
15 silly install loadShrinkwrap
16 silly loadShrinkwrap Finishing
17 silly loadAllDepsIntoIdealTree Starting
18 silly uninstall loadAllDepsIntoIdealtree
19 silly loadAllDepsIntoIdealTree Finishing
20 silly idealTree:prePrune Jelly@1.0.0
20 silly idealTree:prePrune ├── acorn@1.2.2
20 silly idealTree:prePrune ├── align-text@0.1.4
20 silly idealTree:prePrune ├── alphanum-sort@1.0.2
20 silly idealTree:prePrune ├── amdefine@1.0.0
20 silly idealTree:prePrune ├── ansi-regex@2.0.0
20 silly idealTree:prePrune ├── ansi-styles@2.2.0
20 silly idealTree:prePrune ├── anymatch@1.3.0
20 silly idealTree:prePrune ├── archy@1.0.0
20 silly idealTree:prePrune ├── argparse@1.0.7
20 silly idealTree:prePrune ├── arr-diff@2.0.0
20 silly idealTree:prePrune ├── arr-flatten@1.0.1
20 silly idealTree:prePrune ├── array-differ@1.0.0
20 silly idealTree:prePrune ├── array-find-index@1.0.1
20 silly idealTree:prePrune ├── array-uniq@1.0.2
20 silly idealTree:prePrune ├── array-unique@0.2.1
20 silly idealTree:prePrune ├── arrify@1.0.1
20 silly idealTree:prePrune ├── asap@2.0.3
20 silly idealTree:prePrune ├── assert@1.3.0
20 silly idealTree:prePrune ├── ast-types@0.8.15
20 silly idealTree:prePrune ├── async-each@1.0.0
20 silly idealTree:prePrune ├── async@1.5.2
20 silly idealTree:prePrune ├── autoprefixer@6.3.4
20 silly idealTree:prePrune ├── babel-code-frame@6.7.4
20 silly idealTree:prePrune ├─┬ babel-core@6.7.4
20 silly idealTree:prePrune │ └── lodash@3.10.1
20 silly idealTree:prePrune ├─┬ babel-generator@6.7.2
20 silly idealTree:prePrune │ └── lodash@3.10.1
20 silly idealTree:prePrune ├─┬ babel-helper-builder-react-jsx@6.6.5
20 silly idealTree:prePrune │ └── lodash@3.10.1
20 silly idealTree:prePrune ├── babel-helper-call-delegate@6.6.5
20 silly idealTree:prePrune ├─┬ babel-helper-define-map@6.6.5
20 silly idealTree:prePrune │ └── lodash@3.10.1
20 silly idealTree:prePrune ├── babel-helper-function-name@6.6.0
20 silly idealTree:prePrune ├── babel-helper-get-function-arity@6.6.5
20 silly idealTree:prePrune ├── babel-helper-hoist-variables@6.6.5
20 silly idealTree:prePrune ├── babel-helper-optimise-call-expression@6.6.0
20 silly idealTree:prePrune ├─┬ babel-helper-regex@6.6.5
20 silly idealTree:prePrune │ └── lodash@3.10.1
20 silly idealTree:prePrune ├── babel-helper-replace-supers@6.7.0
20 silly idealTree:prePrune ├── babel-helpers@6.6.0
20 silly idealTree:prePrune ├── babel-loader@6.2.4
20 silly idealTree:prePrune ├── babel-messages@6.7.2
20 silly idealTree:prePrune ├── babel-plugin-check-es2015-constants@6.7.2
20 silly idealTree:prePrune ├── babel-plugin-syntax-async-functions@6.5.0
20 silly idealTree:prePrune ├── babel-plugin-syntax-flow@6.5.0
20 silly idealTree:prePrune ├── babel-plugin-syntax-jsx@6.5.0
20 silly idealTree:prePrune ├── babel-plugin-transform-es2015-arrow-functions@6.5.2
20 silly idealTree:prePrune ├── babel-plugin-transform-es2015-block-scoped-functions@6.6.5
20 silly idealTree:prePrune ├─┬ babel-plugin-transform-es2015-block-scoping@6.7.1
20 silly idealTree:prePrune │ └── lodash@3.10.1
20 silly idealTree:prePrune ├── babel-plugin-transform-es2015-classes@6.6.5
20 silly idealTree:prePrune ├── babel-plugin-transform-es2015-computed-properties@6.6.5
20 silly idealTree:prePrune ├── babel-plugin-transform-es2015-destructuring@6.6.5
20 silly idealTree:prePrune ├── babel-plugin-transform-es2015-duplicate-keys@6.6.4
20 silly idealTree:prePrune ├── babel-plugin-transform-es2015-for-of@6.6.0
20 silly idealTree:prePrune ├── babel-plugin-transform-es2015-function-name@6.5.0
20 silly idealTree:prePrune ├── babel-plugin-transform-es2015-literals@6.5.0
20 silly idealTree:prePrune ├── babel-plugin-transform-es2015-modules-commonjs@6.7.4
20 silly idealTree:prePrune ├── babel-plugin-transform-es2015-object-super@6.6.5
20 silly idealTree:prePrune ├── babel-plugin-transform-es2015-parameters@6.7.0
20 silly idealTree:prePrune ├── babel-plugin-transform-es2015-shorthand-properties@6.5.0
20 silly idealTree:prePrune ├── babel-plugin-transform-es2015-spread@6.6.5
20 silly idealTree:prePrune ├── babel-plugin-transform-es2015-sticky-regex@6.5.0
20 silly idealTree:prePrune ├── babel-plugin-transform-es2015-template-literals@6.6.5
20 silly idealTree:prePrune ├── babel-plugin-transform-es2015-typeof-symbol@6.6.0
20 silly idealTree:prePrune ├── babel-plugin-transform-es2015-unicode-regex@6.5.0
20 silly idealTree:prePrune ├── babel-plugin-transform-flow-strip-types@6.7.0
20 silly idealTree:prePrune ├── babel-plugin-transform-react-display-name@6.5.0
20 silly idealTree:prePrune ├── babel-plugin-transform-react-jsx-source@6.5.0
20 silly idealTree:prePrune ├── babel-plugin-transform-react-jsx@6.7.4
20 silly idealTree:prePrune ├── babel-plugin-transform-regenerator@6.6.5
20 silly idealTree:prePrune ├── babel-plugin-transform-strict-mode@6.6.5
20 silly idealTree:prePrune ├── babel-preset-es2015@6.6.0
20 silly idealTree:prePrune ├── babel-preset-react@6.5.0
20 silly idealTree:prePrune ├─┬ babel-register@6.7.2
20 silly idealTree:prePrune │ ├── core-js@2.2.1
20 silly idealTree:prePrune │ └── lodash@3.10.1
20 silly idealTree:prePrune ├── babel-runtime@5.8.38
20 silly idealTree:prePrune ├─┬ babel-template@6.7.0
20 silly idealTree:prePrune │ └── lodash@3.10.1
20 silly idealTree:prePrune ├─┬ babel-traverse@6.7.4
20 silly idealTree:prePrune │ └── lodash@3.10.1
20 silly idealTree:prePrune ├─┬ babel-types@6.7.2
20 silly idealTree:prePrune │ └── lodash@3.10.1
20 silly idealTree:prePrune ├── babel@6.5.2
20 silly idealTree:prePrune ├── babelify@7.2.0
20 silly idealTree:prePrune ├── babylon@6.7.0
20 silly idealTree:prePrune ├── balanced-match@0.3.0
20 silly idealTree:prePrune ├── base62@0.1.1
20 silly idealTree:prePrune ├── base64-js@0.0.8
20 silly idealTree:prePrune ├── Base64@0.2.1
20 silly idealTree:prePrune ├── beeper@1.1.0
20 silly idealTree:prePrune ├── big.js@3.1.3
20 silly idealTree:prePrune ├── binary-extensions@1.4.0
20 silly idealTree:prePrune ├── bluebird@2.10.2
20 silly idealTree:prePrune ├── brace-expansion@1.1.3
20 silly idealTree:prePrune ├── braces@1.8.3
20 silly idealTree:prePrune ├── browserify-zlib@0.1.4
20 silly idealTree:prePrune ├── browserslist@1.3.0
20 silly idealTree:prePrune ├── buffer@3.6.0
20 silly idealTree:prePrune ├── builtin-modules@1.1.1
20 silly idealTree:prePrune ├─┬ camelcase-keys@2.1.0
20 silly idealTree:prePrune │ └── camelcase@2.1.1
20 silly idealTree:prePrune ├── camelcase@1.2.1
20 silly idealTree:prePrune ├── caniuse-db@1.0.30000436
20 silly idealTree:prePrune ├── center-align@0.1.3
20 silly idealTree:prePrune ├── chalk@1.1.1
20 silly idealTree:prePrune ├── chokidar@1.4.3
20 silly idealTree:prePrune ├── clap@1.1.0
20 silly idealTree:prePrune ├─┬ cliui@2.1.0
20 silly idealTree:prePrune │ └── wordwrap@0.0.2
20 silly idealTree:prePrune ├── clone-stats@0.0.1
20 silly idealTree:prePrune ├── clone@1.0.2
20 silly idealTree:prePrune ├── coa@1.0.1
20 silly idealTree:prePrune ├── color-convert@1.0.0
20 silly idealTree:prePrune ├── color-name@1.1.1
20 silly idealTree:prePrune ├── color-string@0.3.0
20 silly idealTree:prePrune ├─┬ color@0.11.1
20 silly idealTree:prePrune │ └── color-convert@0.5.3
20 silly idealTree:prePrune ├── colormin@1.1.0
20 silly idealTree:prePrune ├── colors@1.1.2
20 silly idealTree:prePrune ├── commander@2.9.0
20 silly idealTree:prePrune ├─┬ commoner@0.10.4
20 silly idealTree:prePrune │ └── glob@5.0.15
20 silly idealTree:prePrune ├── concat-map@0.0.1
20 silly idealTree:prePrune ├── console-browserify@1.1.0
20 silly idealTree:prePrune ├── constants-browserify@0.0.1
20 silly idealTree:prePrune ├── convert-source-map@1.2.0
20 silly idealTree:prePrune ├─┬ copy-webpack-plugin@1.1.1
20 silly idealTree:prePrune │ ├── lodash@3.10.1
20 silly idealTree:prePrune │ └── minimatch@3.0.0
20 silly idealTree:prePrune ├── core-js@1.2.6
20 silly idealTree:prePrune ├── core-util-is@1.0.2
20 silly idealTree:prePrune ├── crypto-browserify@3.2.8
20 silly idealTree:prePrune ├── css-color-names@0.0.3
20 silly idealTree:prePrune ├── css-loader@0.23.1
20 silly idealTree:prePrune ├── css-selector-tokenizer@0.5.4
20 silly idealTree:prePrune ├── cssesc@0.1.0
20 silly idealTree:prePrune ├── cssnano@3.5.2
20 silly idealTree:prePrune ├── csso@1.6.4
20 silly idealTree:prePrune ├── date-now@0.1.4
20 silly idealTree:prePrune ├── dateformat@1.0.12
20 silly idealTree:prePrune ├── debug@2.2.0
20 silly idealTree:prePrune ├── decamelize@1.2.0
20 silly idealTree:prePrune ├── defaults@1.0.3
20 silly idealTree:prePrune ├── defined@1.0.0
20 silly idealTree:prePrune ├── deprecated@0.0.1
20 silly idealTree:prePrune ├── detect-indent@3.0.1
20 silly idealTree:prePrune ├── detective@4.3.1
20 silly idealTree:prePrune ├── domain-browser@1.1.7
20 silly idealTree:prePrune ├─┬ duplexer2@0.0.2
20 silly idealTree:prePrune │ ├── isarray@0.0.1
20 silly idealTree:prePrune │ └── readable-stream@1.1.13
20 silly idealTree:prePrune ├── end-of-stream@0.1.5
20 silly idealTree:prePrune ├─┬ enhanced-resolve@0.9.1
20 silly idealTree:prePrune │ └── memory-fs@0.2.0
20 silly idealTree:prePrune ├── envify@3.4.0
20 silly idealTree:prePrune ├── errno@0.1.4
20 silly idealTree:prePrune ├── error-ex@1.3.0
20 silly idealTree:prePrune ├── escape-string-regexp@1.0.5
20 silly idealTree:prePrune ├── esprima-fb@13001.1001.0-dev-harmony-fb
20 silly idealTree:prePrune ├── esutils@2.0.2
20 silly idealTree:prePrune ├── events@1.1.0
20 silly idealTree:prePrune ├── expand-brackets@0.1.4
20 silly idealTree:prePrune ├── expand-range@1.8.1
20 silly idealTree:prePrune ├── extend@2.0.1
20 silly idealTree:prePrune ├── extglob@0.3.2
20 silly idealTree:prePrune ├── fancy-log@1.2.0
20 silly idealTree:prePrune ├── fastparse@1.1.1
20 silly idealTree:prePrune ├── fbjs@0.6.1
20 silly idealTree:prePrune ├── filename-regex@2.0.0
20 silly idealTree:prePrune ├── fill-range@2.2.3
20 silly idealTree:prePrune ├── find-index@0.1.1
20 silly idealTree:prePrune ├─┬ find-up@1.1.2
20 silly idealTree:prePrune │ └── path-exists@2.1.0
20 silly idealTree:prePrune ├─┬ findup-sync@0.3.0
20 silly idealTree:prePrune │ └── glob@5.0.15
20 silly idealTree:prePrune ├── first-chunk-stream@1.0.0
20 silly idealTree:prePrune ├── flagged-respawn@0.3.2
20 silly idealTree:prePrune ├── flatten@1.0.2
20 silly idealTree:prePrune ├── for-in@0.1.4
20 silly idealTree:prePrune ├── for-own@0.1.3
20 silly idealTree:prePrune ├── fs-extra@0.26.7
20 silly idealTree:prePrune ├─┬ fsevents@1.0.9
20 silly idealTree:prePrune │ ├── ansi-regex@2.0.0
20 silly idealTree:prePrune │ ├── ansi-styles@2.2.0
20 silly idealTree:prePrune │ ├── ansi@0.3.1
20 silly idealTree:prePrune │ ├── are-we-there-yet@1.1.2
20 silly idealTree:prePrune │ ├── asn1@0.2.3
20 silly idealTree:prePrune │ ├── assert-plus@0.2.0
20 silly idealTree:prePrune │ ├── async@1.5.2
20 silly idealTree:prePrune │ ├── aws-sign2@0.6.0
20 silly idealTree:prePrune │ ├─┬ aws4@1.3.2
20 silly idealTree:prePrune │ │ └─┬ lru-cache@4.0.0
20 silly idealTree:prePrune │ │   ├── pseudomap@1.0.2
20 silly idealTree:prePrune │ │   └── yallist@2.0.0
20 silly idealTree:prePrune │ ├── bl@1.0.3
20 silly idealTree:prePrune │ ├── block-stream@0.0.8
20 silly idealTree:prePrune │ ├── boom@2.10.1
20 silly idealTree:prePrune │ ├── caseless@0.11.0
20 silly idealTree:prePrune │ ├── chalk@1.1.1
20 silly idealTree:prePrune │ ├── color-convert@1.0.0
20 silly idealTree:prePrune │ ├── combined-stream@1.0.5
20 silly idealTree:prePrune │ ├── commander@2.9.0
20 silly idealTree:prePrune │ ├── core-util-is@1.0.2
20 silly idealTree:prePrune │ ├── cryptiles@2.0.5
20 silly idealTree:prePrune │ ├─┬ dashdash@1.13.0
20 silly idealTree:prePrune │ │ └── assert-plus@1.0.0
20 silly idealTree:prePrune │ ├── debug@2.2.0
20 silly idealTree:prePrune │ ├── deep-extend@0.4.1
20 silly idealTree:prePrune │ ├── delayed-stream@1.0.0
20 silly idealTree:prePrune │ ├── delegates@1.0.0
20 silly idealTree:prePrune │ ├── ecc-jsbn@0.1.1
20 silly idealTree:prePrune │ ├── escape-string-regexp@1.0.5
20 silly idealTree:prePrune │ ├── extend@3.0.0
20 silly idealTree:prePrune │ ├── extsprintf@1.0.2
20 silly idealTree:prePrune │ ├── forever-agent@0.6.1
20 silly idealTree:prePrune │ ├── form-data@1.0.0-rc4
20 silly idealTree:prePrune │ ├─┬ fstream-ignore@1.0.3
20 silly idealTree:prePrune │ │ └─┬ minimatch@3.0.0
20 silly idealTree:prePrune │ │   └─┬ brace-expansion@1.1.3
20 silly idealTree:prePrune │ │     ├── balanced-match@0.3.0
20 silly idealTree:prePrune │ │     └── concat-map@0.0.1
20 silly idealTree:prePrune │ ├── fstream@1.0.8
20 silly idealTree:prePrune │ ├── gauge@1.2.7
20 silly idealTree:prePrune │ ├── generate-function@2.0.0
20 silly idealTree:prePrune │ ├── generate-object-property@1.2.0
20 silly idealTree:prePrune │ ├── graceful-fs@4.1.3
20 silly idealTree:prePrune │ ├── graceful-readlink@1.0.1
20 silly idealTree:prePrune │ ├── har-validator@2.0.6
20 silly idealTree:prePrune │ ├── has-ansi@2.0.0
20 silly idealTree:prePrune │ ├── has-unicode@2.0.0
20 silly idealTree:prePrune │ ├── hawk@3.1.3
20 silly idealTree:prePrune │ ├── hoek@2.16.3
20 silly idealTree:prePrune │ ├── http-signature@1.1.1
20 silly idealTree:prePrune │ ├── inherits@2.0.1
20 silly idealTree:prePrune │ ├── ini@1.3.4
20 silly idealTree:prePrune │ ├── is-my-json-valid@2.13.1
20 silly idealTree:prePrune │ ├── is-property@1.0.2
20 silly idealTree:prePrune │ ├── is-typedarray@1.0.0
20 silly idealTree:prePrune │ ├── isarray@1.0.0
20 silly idealTree:prePrune │ ├── isstream@0.1.2
20 silly idealTree:prePrune │ ├── jodid25519@1.0.2
20 silly idealTree:prePrune │ ├── jsbn@0.1.0
20 silly idealTree:prePrune │ ├── json-schema@0.2.2
20 silly idealTree:prePrune │ ├── json-stringify-safe@5.0.1
20 silly idealTree:prePrune │ ├── jsonpointer@2.0.0
20 silly idealTree:prePrune │ ├── jsprim@1.2.2
20 silly idealTree:prePrune │ ├── lodash.pad@4.1.0
20 silly idealTree:prePrune │ ├── lodash.padend@4.2.0
20 silly idealTree:prePrune │ ├── lodash.padstart@4.2.0
20 silly idealTree:prePrune │ ├── lodash.repeat@4.0.0
20 silly idealTree:prePrune │ ├── lodash.tostring@4.1.2
20 silly idealTree:prePrune │ ├── mime-db@1.22.0
20 silly idealTree:prePrune │ ├── mime-types@2.1.10
20 silly idealTree:prePrune │ ├── minimist@0.0.8
20 silly idealTree:prePrune │ ├── mkdirp@0.5.1
20 silly idealTree:prePrune │ ├── ms@0.7.1
20 silly idealTree:prePrune │ ├─┬ node-pre-gyp@0.6.24
20 silly idealTree:prePrune │ │ └─┬ nopt@3.0.6
20 silly idealTree:prePrune │ │   └── abbrev@1.0.7
20 silly idealTree:prePrune │ ├── node-uuid@1.4.7
20 silly idealTree:prePrune │ ├── npmlog@2.0.3
20 silly idealTree:prePrune │ ├── oauth-sign@0.8.1
20 silly idealTree:prePrune │ ├── once@1.3.3
20 silly idealTree:prePrune │ ├── pinkie-promise@2.0.0
20 silly idealTree:prePrune │ ├── pinkie@2.0.4
20 silly idealTree:prePrune │ ├── process-nextick-args@1.0.6
20 silly idealTree:prePrune │ ├── qs@6.0.2
20 silly idealTree:prePrune │ ├─┬ rc@1.1.6
20 silly idealTree:prePrune │ │ └── minimist@1.2.0
20 silly idealTree:prePrune │ ├── readable-stream@2.0.6
20 silly idealTree:prePrune │ ├── request@2.69.0
20 silly idealTree:prePrune │ ├─┬ rimraf@2.5.2
20 silly idealTree:prePrune │ │ └─┬ glob@7.0.3
20 silly idealTree:prePrune │ │   ├─┬ inflight@1.0.4
20 silly idealTree:prePrune │ │   │ └── wrappy@1.0.1
20 silly idealTree:prePrune │ │   ├── inherits@2.0.1
20 silly idealTree:prePrune │ │   ├─┬ minimatch@3.0.0
20 silly idealTree:prePrune │ │   │ └─┬ brace-expansion@1.1.3
20 silly idealTree:prePrune │ │   │   ├── balanced-match@0.3.0
20 silly idealTree:prePrune │ │   │   └── concat-map@0.0.1
20 silly idealTree:prePrune │ │   ├─┬ once@1.3.3
20 silly idealTree:prePrune │ │   │ └── wrappy@1.0.1
20 silly idealTree:prePrune │ │   └── path-is-absolute@1.0.0
20 silly idealTree:prePrune │ ├── semver@5.1.0
20 silly idealTree:prePrune │ ├── sntp@1.0.9
20 silly idealTree:prePrune │ ├── sshpk@1.7.4
20 silly idealTree:prePrune │ ├── string_decoder@0.10.31
20 silly idealTree:prePrune │ ├── stringstream@0.0.5
20 silly idealTree:prePrune │ ├── strip-ansi@3.0.1
20 silly idealTree:prePrune │ ├── strip-json-comments@1.0.4
20 silly idealTree:prePrune │ ├── supports-color@2.0.0
20 silly idealTree:prePrune │ ├── tar-pack@3.1.3
20 silly idealTree:prePrune │ ├── tar@2.2.1
20 silly idealTree:prePrune │ ├── tough-cookie@2.2.2
20 silly idealTree:prePrune │ ├── tunnel-agent@0.4.2
20 silly idealTree:prePrune │ ├── tweetnacl@0.14.1
20 silly idealTree:prePrune │ ├── uid-number@0.0.6
20 silly idealTree:prePrune │ ├── util-deprecate@1.0.2
20 silly idealTree:prePrune │ ├── verror@1.3.6
20 silly idealTree:prePrune │ ├── wrappy@1.0.1
20 silly idealTree:prePrune │ └── xtend@4.0.1
20 silly idealTree:prePrune ├── gaze@0.5.2
20 silly idealTree:prePrune ├── get-stdin@4.0.1
20 silly idealTree:prePrune ├── glob-base@0.3.0
20 silly idealTree:prePrune ├── glob-parent@2.0.0
20 silly idealTree:prePrune ├─┬ glob-stream@3.1.18
20 silly idealTree:prePrune │ ├── glob@4.5.3
20 silly idealTree:prePrune │ ├── isarray@0.0.1
20 silly idealTree:prePrune │ ├── readable-stream@1.0.33
20 silly idealTree:prePrune │ └── through2@0.6.5
20 silly idealTree:prePrune ├── glob-watcher@0.0.6
20 silly idealTree:prePrune ├── glob@6.0.4
20 silly idealTree:prePrune ├── glob2base@0.0.12
20 silly idealTree:prePrune ├── globals@8.18.0
20 silly idealTree:prePrune ├─┬ globule@0.1.0
20 silly idealTree:prePrune │ ├── glob@3.1.21
20 silly idealTree:prePrune │ ├── graceful-fs@1.2.3
20 silly idealTree:prePrune │ ├── inherits@1.0.2
20 silly idealTree:prePrune │ ├── lodash@1.0.2
20 silly idealTree:prePrune │ └── minimatch@0.2.14
20 silly idealTree:prePrune ├── glogg@1.0.0
20 silly idealTree:prePrune ├── graceful-fs@4.1.3
20 silly idealTree:prePrune ├── graceful-readlink@1.0.1
20 silly idealTree:prePrune ├── gulp-react@3.1.0
20 silly idealTree:prePrune ├─┬ gulp-util@3.0.7
20 silly idealTree:prePrune │ └── object-assign@3.0.0
20 silly idealTree:prePrune ├─┬ gulp@3.9.1
20 silly idealTree:prePrune │ └── interpret@1.0.0
20 silly idealTree:prePrune ├── gulplog@1.0.0
20 silly idealTree:prePrune ├── has-ansi@2.0.0
20 silly idealTree:prePrune ├── has-flag@1.0.0
20 silly idealTree:prePrune ├── has-gulplog@0.1.0
20 silly idealTree:prePrune ├── has-own@1.0.0
20 silly idealTree:prePrune ├── hoist-non-react-statics@1.0.5
20 silly idealTree:prePrune ├── home-or-tmp@1.0.0
20 silly idealTree:prePrune ├── hosted-git-info@2.1.4
20 silly idealTree:prePrune ├── http-browserify@1.7.0
20 silly idealTree:prePrune ├── https-browserify@0.0.0
20 silly idealTree:prePrune ├── iconv-lite@0.4.13
20 silly idealTree:prePrune ├── icss-replace-symbols@1.0.2
20 silly idealTree:prePrune ├── ieee754@1.1.6
20 silly idealTree:prePrune ├─┬ indent-string@2.1.0
20 silly idealTree:prePrune │ └── repeating@2.0.0
20 silly idealTree:prePrune ├── indexes-of@1.0.1
20 silly idealTree:prePrune ├── indexof@0.0.1
20 silly idealTree:prePrune ├── inflight@1.0.4
20 silly idealTree:prePrune ├── inherits@2.0.1
20 silly idealTree:prePrune ├── interpret@0.6.6
20 silly idealTree:prePrune ├── invariant@2.2.1
20 silly idealTree:prePrune ├── is-absolute-url@2.0.0
20 silly idealTree:prePrune ├── is-arrayish@0.2.1
20 silly idealTree:prePrune ├── is-binary-path@1.0.1
20 silly idealTree:prePrune ├── is-buffer@1.1.3
20 silly idealTree:prePrune ├── is-builtin-module@1.0.0
20 silly idealTree:prePrune ├── is-dotfile@1.0.2
20 silly idealTree:prePrune ├── is-equal-shallow@0.1.3
20 silly idealTree:prePrune ├── is-extendable@0.1.1
20 silly idealTree:prePrune ├── is-extglob@1.0.0
20 silly idealTree:prePrune ├── is-finite@1.0.1
20 silly idealTree:prePrune ├── is-glob@2.0.1
20 silly idealTree:prePrune ├── is-integer@1.0.6
20 silly idealTree:prePrune ├── is-number@2.1.0
20 silly idealTree:prePrune ├── is-plain-obj@1.1.0
20 silly idealTree:prePrune ├── is-primitive@2.0.0
20 silly idealTree:prePrune ├── is-svg@1.1.1
20 silly idealTree:prePrune ├── is-utf8@0.2.1
20 silly idealTree:prePrune ├── isarray@1.0.0
20 silly idealTree:prePrune ├─┬ isobject@2.0.0
20 silly idealTree:prePrune │ └── isarray@0.0.1
20 silly idealTree:prePrune ├── jquery@2.2.2
20 silly idealTree:prePrune ├── js-base64@2.1.9
20 silly idealTree:prePrune ├── js-tokens@1.0.2
20 silly idealTree:prePrune ├─┬ js-yaml@3.5.5
20 silly idealTree:prePrune │ └── esprima@2.7.2
20 silly idealTree:prePrune ├── jsesc@0.5.0
20 silly idealTree:prePrune ├── json5@0.4.0
20 silly idealTree:prePrune ├── jsonfile@2.2.3
20 silly idealTree:prePrune ├─┬ jstransform@10.1.0
20 silly idealTree:prePrune │ └── source-map@0.1.31
20 silly idealTree:prePrune ├── kind-of@3.0.2
20 silly idealTree:prePrune ├── klaw@1.1.3
20 silly idealTree:prePrune ├── lazy-cache@1.0.3
20 silly idealTree:prePrune ├── less-loader@2.2.3
20 silly idealTree:prePrune ├── liftoff@2.2.1
20 silly idealTree:prePrune ├── load-json-file@1.1.0
20 silly idealTree:prePrune ├── loader-utils@0.2.13
20 silly idealTree:prePrune ├── lodash-es@4.6.1
20 silly idealTree:prePrune ├── lodash._basecopy@3.0.1
20 silly idealTree:prePrune ├── lodash._basetostring@3.0.1
20 silly idealTree:prePrune ├── lodash._basevalues@3.0.0
20 silly idealTree:prePrune ├── lodash._createcompounder@3.0.0
20 silly idealTree:prePrune ├── lodash._getnative@3.9.1
20 silly idealTree:prePrune ├── lodash._isiterateecall@3.0.9
20 silly idealTree:prePrune ├── lodash._reescape@3.0.0
20 silly idealTree:prePrune ├── lodash._reevaluate@3.0.0
20 silly idealTree:prePrune ├── lodash._reinterpolate@3.0.0
20 silly idealTree:prePrune ├── lodash._root@3.0.1
20 silly idealTree:prePrune ├── lodash.camelcase@3.0.1
20 silly idealTree:prePrune ├── lodash.deburr@3.2.0
20 silly idealTree:prePrune ├── lodash.escape@3.2.0
20 silly idealTree:prePrune ├── lodash.isarguments@3.0.8
20 silly idealTree:prePrune ├── lodash.isarray@3.0.4
20 silly idealTree:prePrune ├── lodash.keys@3.1.2
20 silly idealTree:prePrune ├── lodash.restparam@3.6.1
20 silly idealTree:prePrune ├── lodash.template@3.6.2
20 silly idealTree:prePrune ├── lodash.templatesettings@3.1.1
20 silly idealTree:prePrune ├── lodash.words@3.2.0
20 silly idealTree:prePrune ├── lodash@4.6.1
20 silly idealTree:prePrune ├── longest@1.0.1
20 silly idealTree:prePrune ├── loose-envify@1.1.0
20 silly idealTree:prePrune ├── loud-rejection@1.3.0
20 silly idealTree:prePrune ├── lru-cache@2.7.3
20 silly idealTree:prePrune ├── map-obj@1.0.1
20 silly idealTree:prePrune ├── memory-fs@0.3.0
20 silly idealTree:prePrune ├── meow@3.7.0
20 silly idealTree:prePrune ├── micromatch@2.3.7
20 silly idealTree:prePrune ├── minimatch@2.0.10
20 silly idealTree:prePrune ├── minimist@1.2.0
20 silly idealTree:prePrune ├─┬ mkdirp@0.5.1
20 silly idealTree:prePrune │ └── minimist@0.0.8
20 silly idealTree:prePrune ├── ms@0.7.1
20 silly idealTree:prePrune ├── multipipe@0.1.2
20 silly idealTree:prePrune ├── nan@2.2.0
20 silly idealTree:prePrune ├── node-dir@0.1.11
20 silly idealTree:prePrune ├─┬ node-libs-browser@0.5.3
20 silly idealTree:prePrune │ ├── isarray@0.0.1
20 silly idealTree:prePrune │ └── readable-stream@1.1.13
20 silly idealTree:prePrune ├── normalize-package-data@2.3.5
20 silly idealTree:prePrune ├── normalize-path@2.0.1
20 silly idealTree:prePrune ├── normalize-range@0.1.2
20 silly idealTree:prePrune ├── normalize-url@1.4.1
20 silly idealTree:prePrune ├── num2fraction@1.2.2
20 silly idealTree:prePrune ├── number-is-nan@1.0.0
20 silly idealTree:prePrune ├── object-assign@4.0.1
20 silly idealTree:prePrune ├── object.omit@2.0.0
20 silly idealTree:prePrune ├── once@1.3.3
20 silly idealTree:prePrune ├─┬ optimist@0.6.1
20 silly idealTree:prePrune │ └── minimist@0.0.10
20 silly idealTree:prePrune ├── orchestrator@0.3.7
20 silly idealTree:prePrune ├── ordered-read-streams@0.1.0
20 silly idealTree:prePrune ├── os-browserify@0.1.2
20 silly idealTree:prePrune ├── os-homedir@1.0.1
20 silly idealTree:prePrune ├── os-tmpdir@1.0.1
20 silly idealTree:prePrune ├── pako@0.2.8
20 silly idealTree:prePrune ├── parse-glob@3.0.4
20 silly idealTree:prePrune ├── parse-json@2.2.0
20 silly idealTree:prePrune ├── path-browserify@0.0.0
20 silly idealTree:prePrune ├── path-exists@1.0.0
20 silly idealTree:prePrune ├── path-is-absolute@1.0.0
20 silly idealTree:prePrune ├── path-type@1.1.0
20 silly idealTree:prePrune ├── pbkdf2-compat@2.0.1
20 silly idealTree:prePrune ├── pify@2.3.0
20 silly idealTree:prePrune ├── pinkie-promise@2.0.0
20 silly idealTree:prePrune ├── pinkie@2.0.4
20 silly idealTree:prePrune ├── postcss-calc@5.2.0
20 silly idealTree:prePrune ├── postcss-colormin@2.2.0
20 silly idealTree:prePrune ├── postcss-convert-values@2.3.4
20 silly idealTree:prePrune ├── postcss-discard-comments@2.0.4
20 silly idealTree:prePrune ├── postcss-discard-duplicates@2.0.1
20 silly idealTree:prePrune ├── postcss-discard-empty@2.0.1
20 silly idealTree:prePrune ├── postcss-discard-unused@2.2.1
20 silly idealTree:prePrune ├── postcss-filter-plugins@2.0.0
20 silly idealTree:prePrune ├── postcss-merge-idents@2.1.5
20 silly idealTree:prePrune ├── postcss-merge-longhand@2.0.1
20 silly idealTree:prePrune ├── postcss-merge-rules@2.0.6
20 silly idealTree:prePrune ├── postcss-message-helpers@2.0.0
20 silly idealTree:prePrune ├── postcss-minify-font-values@1.0.3
20 silly idealTree:prePrune ├── postcss-minify-gradients@1.0.1
20 silly idealTree:prePrune ├── postcss-minify-params@1.0.4
20 silly idealTree:prePrune ├── postcss-minify-selectors@2.0.4
20 silly idealTree:prePrune ├── postcss-modules-extract-imports@1.0.0
20 silly idealTree:prePrune ├── postcss-modules-local-by-default@1.0.1
20 silly idealTree:prePrune ├── postcss-modules-scope@1.0.0
20 silly idealTree:prePrune ├── postcss-modules-values@1.1.2
20 silly idealTree:prePrune ├── postcss-normalize-charset@1.1.0
20 silly idealTree:prePrune ├── postcss-normalize-url@3.0.7
20 silly idealTree:prePrune ├── postcss-ordered-values@2.1.0
20 silly idealTree:prePrune ├── postcss-reduce-idents@2.3.0
20 silly idealTree:prePrune ├── postcss-reduce-transforms@1.0.3
20 silly idealTree:prePrune ├── postcss-selector-parser@1.3.3
20 silly idealTree:prePrune ├── postcss-svgo@2.1.2
20 silly idealTree:prePrune ├── postcss-unique-selectors@2.0.2
20 silly idealTree:prePrune ├── postcss-value-parser@3.3.0
20 silly idealTree:prePrune ├── postcss-zindex@2.0.1
20 silly idealTree:prePrune ├─┬ postcss@5.0.19
20 silly idealTree:prePrune │ └── supports-color@3.1.2
20 silly idealTree:prePrune ├── prepend-http@1.0.3
20 silly idealTree:prePrune ├── preserve@0.2.0
20 silly idealTree:prePrune ├── pretty-hrtime@1.0.2
20 silly idealTree:prePrune ├── private@0.1.6
20 silly idealTree:prePrune ├── process-nextick-args@1.0.6
20 silly idealTree:prePrune ├── process@0.11.2
20 silly idealTree:prePrune ├── promise@7.1.1
20 silly idealTree:prePrune ├── prr@0.0.0
20 silly idealTree:prePrune ├── punycode@1.4.1
20 silly idealTree:prePrune ├── q@1.4.1
20 silly idealTree:prePrune ├── query-string@3.0.3
20 silly idealTree:prePrune ├── querystring-es3@0.2.1
20 silly idealTree:prePrune ├── querystring@0.2.0
20 silly idealTree:prePrune ├── randomatic@1.1.5
20 silly idealTree:prePrune ├── react-dom@0.14.7
20 silly idealTree:prePrune ├── react-redux@4.4.1
20 silly idealTree:prePrune ├── react@0.14.7
20 silly idealTree:prePrune ├── read-pkg-up@1.0.1
20 silly idealTree:prePrune ├── read-pkg@1.1.0
20 silly idealTree:prePrune ├── readable-stream@2.0.6
20 silly idealTree:prePrune ├── readdirp@2.0.0
20 silly idealTree:prePrune ├─┬ recast@0.10.43
20 silly idealTree:prePrune │ └── esprima-fb@15001.1001.0-dev-harmony-fb
20 silly idealTree:prePrune ├── rechoir@0.6.2
20 silly idealTree:prePrune ├── redent@1.0.0
20 silly idealTree:prePrune ├─┬ reduce-css-calc@1.2.1
20 silly idealTree:prePrune │ └── balanced-match@0.1.0
20 silly idealTree:prePrune ├─┬ reduce-function-call@1.0.1
20 silly idealTree:prePrune │ └── balanced-match@0.1.0
20 silly idealTree:prePrune ├── redux@3.3.1
20 silly idealTree:prePrune ├── regenerate@1.2.1
20 silly idealTree:prePrune ├── regex-cache@0.4.2
20 silly idealTree:prePrune ├── regexpu-core@1.0.0
20 silly idealTree:prePrune ├── regjsgen@0.2.0
20 silly idealTree:prePrune ├── regjsparser@0.1.5
20 silly idealTree:prePrune ├── repeat-element@1.1.2
20 silly idealTree:prePrune ├── repeat-string@1.5.4
20 silly idealTree:prePrune ├── repeating@1.1.3
20 silly idealTree:prePrune ├── replace-ext@0.0.1
20 silly idealTree:prePrune ├── resolve@1.1.7
20 silly idealTree:prePrune ├── right-align@0.1.3
20 silly idealTree:prePrune ├─┬ rimraf@2.5.2
20 silly idealTree:prePrune │ └── glob@7.0.3
20 silly idealTree:prePrune ├── ripemd160@0.2.0
20 silly idealTree:prePrune ├── sax@1.1.6
20 silly idealTree:prePrune ├── semver@4.3.6
20 silly idealTree:prePrune ├── sequencify@0.0.7
20 silly idealTree:prePrune ├── sha.js@2.2.6
20 silly idealTree:prePrune ├── shebang-regex@1.0.0
20 silly idealTree:prePrune ├── sigmund@1.0.1
20 silly idealTree:prePrune ├── signal-exit@2.1.2
20 silly idealTree:prePrune ├── slash@1.0.0
20 silly idealTree:prePrune ├─┬ snapsvg@0.2.0
20 silly idealTree:prePrune │ └── eve@0.4.2
20 silly idealTree:prePrune ├── sort-keys@1.1.1
20 silly idealTree:prePrune ├── source-list-map@0.1.6
20 silly idealTree:prePrune ├─┬ source-map-support@0.2.10
20 silly idealTree:prePrune │ └── source-map@0.1.32
20 silly idealTree:prePrune ├── source-map@0.5.3
20 silly idealTree:prePrune ├── sparkles@1.0.0
20 silly idealTree:prePrune ├── spdx-correct@1.0.2
20 silly idealTree:prePrune ├── spdx-exceptions@1.0.4
20 silly idealTree:prePrune ├── spdx-expression-parse@1.0.2
20 silly idealTree:prePrune ├── spdx-license-ids@1.2.0
20 silly idealTree:prePrune ├── sprintf-js@1.0.3
20 silly idealTree:prePrune ├─┬ stream-browserify@1.0.0
20 silly idealTree:prePrune │ ├── isarray@0.0.1
20 silly idealTree:prePrune │ └── readable-stream@1.1.13
20 silly idealTree:prePrune ├── stream-consume@0.1.0
20 silly idealTree:prePrune ├── strict-uri-encode@1.1.0
20 silly idealTree:prePrune ├── string_decoder@0.10.31
20 silly idealTree:prePrune ├── strip-ansi@3.0.1
20 silly idealTree:prePrune ├── strip-bom@2.0.0
20 silly idealTree:prePrune ├── strip-indent@1.0.1
20 silly idealTree:prePrune ├── style-loader@0.13.1
20 silly idealTree:prePrune ├── supports-color@2.0.0
20 silly idealTree:prePrune ├── svgo@0.6.3
20 silly idealTree:prePrune ├── tapable@0.1.10
20 silly idealTree:prePrune ├── through@2.3.8
20 silly idealTree:prePrune ├── through2@2.0.1
20 silly idealTree:prePrune ├── tildify@1.1.2
20 silly idealTree:prePrune ├── time-stamp@1.0.0
20 silly idealTree:prePrune ├── timers-browserify@1.4.2
20 silly idealTree:prePrune ├── to-fast-properties@1.0.2
20 silly idealTree:prePrune ├── trim-newlines@1.0.0
20 silly idealTree:prePrune ├── trim-right@1.0.1
20 silly idealTree:prePrune ├── tty-browserify@0.0.0
20 silly idealTree:prePrune ├── ua-parser-js@0.7.10
20 silly idealTree:prePrune ├─┬ uglify-js@2.6.2
20 silly idealTree:prePrune │ └── async@0.2.10
20 silly idealTree:prePrune ├── uglify-to-browserify@1.0.2
20 silly idealTree:prePrune ├── uniq@1.0.1
20 silly idealTree:prePrune ├── uniqid@1.0.0
20 silly idealTree:prePrune ├── uniqs@2.0.0
20 silly idealTree:prePrune ├── unique-stream@1.0.0
20 silly idealTree:prePrune ├─┬ unzip@0.1.11
20 silly idealTree:prePrune │ ├─┬ binary@0.3.0
20 silly idealTree:prePrune │ │ ├── buffers@0.1.1
20 silly idealTree:prePrune │ │ └─┬ chainsaw@0.1.0
20 silly idealTree:prePrune │ │   └── traverse@0.3.9
20 silly idealTree:prePrune │ ├─┬ fstream@0.1.31
20 silly idealTree:prePrune │ │ ├── graceful-fs@3.0.8
20 silly idealTree:prePrune │ │ ├── inherits@2.0.1
20 silly idealTree:prePrune │ │ ├─┬ mkdirp@0.5.1
20 silly idealTree:prePrune │ │ │ └── minimist@0.0.8
20 silly idealTree:prePrune │ │ └─┬ rimraf@2.5.2
20 silly idealTree:prePrune │ │   └─┬ glob@7.0.3
20 silly idealTree:prePrune │ │     ├─┬ inflight@1.0.4
20 silly idealTree:prePrune │ │     │ └── wrappy@1.0.1
20 silly idealTree:prePrune │ │     ├─┬ minimatch@3.0.0
20 silly idealTree:prePrune │ │     │ └─┬ brace-expansion@1.1.3
20 silly idealTree:prePrune │ │     │   ├── balanced-match@0.3.0
20 silly idealTree:prePrune │ │     │   └── concat-map@0.0.1
20 silly idealTree:prePrune │ │     ├─┬ once@1.3.3
20 silly idealTree:prePrune │ │     │ └── wrappy@1.0.1
20 silly idealTree:prePrune │ │     └── path-is-absolute@1.0.0
20 silly idealTree:prePrune │ ├─┬ match-stream@0.0.2
20 silly idealTree:prePrune │ │ └── buffers@0.1.1
20 silly idealTree:prePrune │ ├─┬ pullstream@0.4.1
20 silly idealTree:prePrune │ │ ├── over@0.0.5
20 silly idealTree:prePrune │ │ └── slice-stream@1.0.0
20 silly idealTree:prePrune │ ├─┬ readable-stream@1.0.33
20 silly idealTree:prePrune │ │ ├── core-util-is@1.0.2
20 silly idealTree:prePrune │ │ ├── inherits@2.0.1
20 silly idealTree:prePrune │ │ ├── isarray@0.0.1
20 silly idealTree:prePrune │ │ └── string_decoder@0.10.31
20 silly idealTree:prePrune │ └── setimmediate@1.0.4
20 silly idealTree:prePrune ├─┬ url@0.10.3
20 silly idealTree:prePrune │ └── punycode@1.3.2
20 silly idealTree:prePrune ├── user-home@1.1.1
20 silly idealTree:prePrune ├── util-deprecate@1.0.2
20 silly idealTree:prePrune ├── util@0.10.3
20 silly idealTree:prePrune ├── v8flags@2.0.11
20 silly idealTree:prePrune ├── validate-npm-package-license@3.0.1
20 silly idealTree:prePrune ├─┬ vinyl-fs@0.3.14
20 silly idealTree:prePrune │ ├── clone@0.2.0
20 silly idealTree:prePrune │ ├── graceful-fs@3.0.8
20 silly idealTree:prePrune │ ├── isarray@0.0.1
20 silly idealTree:prePrune │ ├── readable-stream@1.0.33
20 silly idealTree:prePrune │ ├── strip-bom@1.0.0
20 silly idealTree:prePrune │ ├── through2@0.6.5
20 silly idealTree:prePrune │ └── vinyl@0.4.6
20 silly idealTree:prePrune ├── vinyl-sourcemaps-apply@0.2.1
20 silly idealTree:prePrune ├── vinyl@0.5.3
20 silly idealTree:prePrune ├── vm-browserify@0.0.4
20 silly idealTree:prePrune ├─┬ watchpack@0.2.9
20 silly idealTree:prePrune │ └── async@0.9.2
20 silly idealTree:prePrune ├─┬ webpack-core@0.6.8
20 silly idealTree:prePrune │ └── source-map@0.4.4
20 silly idealTree:prePrune ├─┬ webpack@1.12.14
20 silly idealTree:prePrune │ ├── esprima@2.7.2
20 silly idealTree:prePrune │ └── supports-color@3.1.2
20 silly idealTree:prePrune ├── whatwg-fetch@0.9.0
20 silly idealTree:prePrune ├── whet.extend@0.9.9
20 silly idealTree:prePrune ├── window-size@0.1.0
20 silly idealTree:prePrune ├── wordwrap@0.0.3
20 silly idealTree:prePrune ├── wrappy@1.0.1
20 silly idealTree:prePrune ├─┬ xml2js@0.4.16
20 silly idealTree:prePrune │ ├── sax@1.1.6
20 silly idealTree:prePrune │ └─┬ xmlbuilder@4.2.1
20 silly idealTree:prePrune │   └── lodash@4.6.1
20 silly idealTree:prePrune ├── xtend@4.0.1
20 silly idealTree:prePrune └── yargs@3.10.0
21 silly loadIdealTree Finishing
22 silly currentTree Jelly@1.0.0
22 silly currentTree ├── acorn@1.2.2
22 silly currentTree ├── align-text@0.1.4
22 silly currentTree ├── alphanum-sort@1.0.2
22 silly currentTree ├── amdefine@1.0.0
22 silly currentTree ├── ansi-regex@2.0.0
22 silly currentTree ├── ansi-styles@2.2.0
22 silly currentTree ├── anymatch@1.3.0
22 silly currentTree ├── archy@1.0.0
22 silly currentTree ├── argparse@1.0.7
22 silly currentTree ├── arr-diff@2.0.0
22 silly currentTree ├── arr-flatten@1.0.1
22 silly currentTree ├── array-differ@1.0.0
22 silly currentTree ├── array-find-index@1.0.1
22 silly currentTree ├── array-uniq@1.0.2
22 silly currentTree ├── array-unique@0.2.1
22 silly currentTree ├── arrify@1.0.1
22 silly currentTree ├── asap@2.0.3
22 silly currentTree ├── assert@1.3.0
22 silly currentTree ├── ast-types@0.8.15
22 silly currentTree ├── async-each@1.0.0
22 silly currentTree ├── async@1.5.2
22 silly currentTree ├── autoprefixer@6.3.4
22 silly currentTree ├── babel-code-frame@6.7.4
22 silly currentTree ├─┬ babel-core@6.7.4
22 silly currentTree │ └── lodash@3.10.1
22 silly currentTree ├─┬ babel-generator@6.7.2
22 silly currentTree │ └── lodash@3.10.1
22 silly currentTree ├─┬ babel-helper-builder-react-jsx@6.6.5
22 silly currentTree │ └── lodash@3.10.1
22 silly currentTree ├── babel-helper-call-delegate@6.6.5
22 silly currentTree ├─┬ babel-helper-define-map@6.6.5
22 silly currentTree │ └── lodash@3.10.1
22 silly currentTree ├── babel-helper-function-name@6.6.0
22 silly currentTree ├── babel-helper-get-function-arity@6.6.5
22 silly currentTree ├── babel-helper-hoist-variables@6.6.5
22 silly currentTree ├── babel-helper-optimise-call-expression@6.6.0
22 silly currentTree ├─┬ babel-helper-regex@6.6.5
22 silly currentTree │ └── lodash@3.10.1
22 silly currentTree ├── babel-helper-replace-supers@6.7.0
22 silly currentTree ├── babel-helpers@6.6.0
22 silly currentTree ├── babel-loader@6.2.4
22 silly currentTree ├── babel-messages@6.7.2
22 silly currentTree ├── babel-plugin-check-es2015-constants@6.7.2
22 silly currentTree ├── babel-plugin-syntax-async-functions@6.5.0
22 silly currentTree ├── babel-plugin-syntax-flow@6.5.0
22 silly currentTree ├── babel-plugin-syntax-jsx@6.5.0
22 silly currentTree ├── babel-plugin-transform-es2015-arrow-functions@6.5.2
22 silly currentTree ├── babel-plugin-transform-es2015-block-scoped-functions@6.6.5
22 silly currentTree ├─┬ babel-plugin-transform-es2015-block-scoping@6.7.1
22 silly currentTree │ └── lodash@3.10.1
22 silly currentTree ├── babel-plugin-transform-es2015-classes@6.6.5
22 silly currentTree ├── babel-plugin-transform-es2015-computed-properties@6.6.5
22 silly currentTree ├── babel-plugin-transform-es2015-destructuring@6.6.5
22 silly currentTree ├── babel-plugin-transform-es2015-duplicate-keys@6.6.4
22 silly currentTree ├── babel-plugin-transform-es2015-for-of@6.6.0
22 silly currentTree ├── babel-plugin-transform-es2015-function-name@6.5.0
22 silly currentTree ├── babel-plugin-transform-es2015-literals@6.5.0
22 silly currentTree ├── babel-plugin-transform-es2015-modules-commonjs@6.7.4
22 silly currentTree ├── babel-plugin-transform-es2015-object-super@6.6.5
22 silly currentTree ├── babel-plugin-transform-es2015-parameters@6.7.0
22 silly currentTree ├── babel-plugin-transform-es2015-shorthand-properties@6.5.0
22 silly currentTree ├── babel-plugin-transform-es2015-spread@6.6.5
22 silly currentTree ├── babel-plugin-transform-es2015-sticky-regex@6.5.0
22 silly currentTree ├── babel-plugin-transform-es2015-template-literals@6.6.5
22 silly currentTree ├── babel-plugin-transform-es2015-typeof-symbol@6.6.0
22 silly currentTree ├── babel-plugin-transform-es2015-unicode-regex@6.5.0
22 silly currentTree ├── babel-plugin-transform-flow-strip-types@6.7.0
22 silly currentTree ├── babel-plugin-transform-react-display-name@6.5.0
22 silly currentTree ├── babel-plugin-transform-react-jsx-source@6.5.0
22 silly currentTree ├── babel-plugin-transform-react-jsx@6.7.4
22 silly currentTree ├── babel-plugin-transform-regenerator@6.6.5
22 silly currentTree ├── babel-plugin-transform-strict-mode@6.6.5
22 silly currentTree ├── babel-preset-es2015@6.6.0
22 silly currentTree ├── babel-preset-react@6.5.0
22 silly currentTree ├─┬ babel-register@6.7.2
22 silly currentTree │ ├── core-js@2.2.1
22 silly currentTree │ └── lodash@3.10.1
22 silly currentTree ├── babel-runtime@5.8.38
22 silly currentTree ├─┬ babel-template@6.7.0
22 silly currentTree │ └── lodash@3.10.1
22 silly currentTree ├─┬ babel-traverse@6.7.4
22 silly currentTree │ └── lodash@3.10.1
22 silly currentTree ├─┬ babel-types@6.7.2
22 silly currentTree │ └── lodash@3.10.1
22 silly currentTree ├── babel@6.5.2
22 silly currentTree ├── babelify@7.2.0
22 silly currentTree ├── babylon@6.7.0
22 silly currentTree ├── balanced-match@0.3.0
22 silly currentTree ├── base62@0.1.1
22 silly currentTree ├── base64-js@0.0.8
22 silly currentTree ├── Base64@0.2.1
22 silly currentTree ├── beeper@1.1.0
22 silly currentTree ├── big.js@3.1.3
22 silly currentTree ├── binary-extensions@1.4.0
22 silly currentTree ├── bluebird@2.10.2
22 silly currentTree ├── brace-expansion@1.1.3
22 silly currentTree ├── braces@1.8.3
22 silly currentTree ├── browserify-zlib@0.1.4
22 silly currentTree ├── browserslist@1.3.0
22 silly currentTree ├── buffer@3.6.0
22 silly currentTree ├── builtin-modules@1.1.1
22 silly currentTree ├─┬ camelcase-keys@2.1.0
22 silly currentTree │ └── camelcase@2.1.1
22 silly currentTree ├── camelcase@1.2.1
22 silly currentTree ├── caniuse-db@1.0.30000436
22 silly currentTree ├── center-align@0.1.3
22 silly currentTree ├── chalk@1.1.1
22 silly currentTree ├── chokidar@1.4.3
22 silly currentTree ├── clap@1.1.0
22 silly currentTree ├─┬ cliui@2.1.0
22 silly currentTree │ └── wordwrap@0.0.2
22 silly currentTree ├── clone-stats@0.0.1
22 silly currentTree ├── clone@1.0.2
22 silly currentTree ├── coa@1.0.1
22 silly currentTree ├── color-convert@1.0.0
22 silly currentTree ├── color-name@1.1.1
22 silly currentTree ├── color-string@0.3.0
22 silly currentTree ├─┬ color@0.11.1
22 silly currentTree │ └── color-convert@0.5.3
22 silly currentTree ├── colormin@1.1.0
22 silly currentTree ├── colors@1.1.2
22 silly currentTree ├── commander@2.9.0
22 silly currentTree ├─┬ commoner@0.10.4
22 silly currentTree │ └── glob@5.0.15
22 silly currentTree ├── concat-map@0.0.1
22 silly currentTree ├── console-browserify@1.1.0
22 silly currentTree ├── constants-browserify@0.0.1
22 silly currentTree ├── convert-source-map@1.2.0
22 silly currentTree ├─┬ copy-webpack-plugin@1.1.1
22 silly currentTree │ ├── lodash@3.10.1
22 silly currentTree │ └── minimatch@3.0.0
22 silly currentTree ├── core-js@1.2.6
22 silly currentTree ├── core-util-is@1.0.2
22 silly currentTree ├── crypto-browserify@3.2.8
22 silly currentTree ├── css-color-names@0.0.3
22 silly currentTree ├── css-loader@0.23.1
22 silly currentTree ├── css-selector-tokenizer@0.5.4
22 silly currentTree ├── cssesc@0.1.0
22 silly currentTree ├── cssnano@3.5.2
22 silly currentTree ├── csso@1.6.4
22 silly currentTree ├── date-now@0.1.4
22 silly currentTree ├── dateformat@1.0.12
22 silly currentTree ├── debug@2.2.0
22 silly currentTree ├── decamelize@1.2.0
22 silly currentTree ├── defaults@1.0.3
22 silly currentTree ├── defined@1.0.0
22 silly currentTree ├── deprecated@0.0.1
22 silly currentTree ├── detect-indent@3.0.1
22 silly currentTree ├── detective@4.3.1
22 silly currentTree ├── domain-browser@1.1.7
22 silly currentTree ├─┬ duplexer2@0.0.2
22 silly currentTree │ ├── isarray@0.0.1
22 silly currentTree │ └── readable-stream@1.1.13
22 silly currentTree ├── end-of-stream@0.1.5
22 silly currentTree ├─┬ enhanced-resolve@0.9.1
22 silly currentTree │ └── memory-fs@0.2.0
22 silly currentTree ├── envify@3.4.0
22 silly currentTree ├── errno@0.1.4
22 silly currentTree ├── error-ex@1.3.0
22 silly currentTree ├── escape-string-regexp@1.0.5
22 silly currentTree ├── esprima-fb@13001.1001.0-dev-harmony-fb
22 silly currentTree ├── esutils@2.0.2
22 silly currentTree ├── events@1.1.0
22 silly currentTree ├── expand-brackets@0.1.4
22 silly currentTree ├── expand-range@1.8.1
22 silly currentTree ├── extend@2.0.1
22 silly currentTree ├── extglob@0.3.2
22 silly currentTree ├── fancy-log@1.2.0
22 silly currentTree ├── fastparse@1.1.1
22 silly currentTree ├── fbjs@0.6.1
22 silly currentTree ├── filename-regex@2.0.0
22 silly currentTree ├── fill-range@2.2.3
22 silly currentTree ├── find-index@0.1.1
22 silly currentTree ├─┬ find-up@1.1.2
22 silly currentTree │ └── path-exists@2.1.0
22 silly currentTree ├─┬ findup-sync@0.3.0
22 silly currentTree │ └── glob@5.0.15
22 silly currentTree ├── first-chunk-stream@1.0.0
22 silly currentTree ├── flagged-respawn@0.3.2
22 silly currentTree ├── flatten@1.0.2
22 silly currentTree ├── for-in@0.1.4
22 silly currentTree ├── for-own@0.1.3
22 silly currentTree ├── fs-extra@0.26.7
22 silly currentTree ├─┬ fsevents@1.0.9
22 silly currentTree │ ├── ansi-regex@2.0.0
22 silly currentTree │ ├── ansi-styles@2.2.0
22 silly currentTree │ ├── ansi@0.3.1
22 silly currentTree │ ├── are-we-there-yet@1.1.2
22 silly currentTree │ ├── asn1@0.2.3
22 silly currentTree │ ├── assert-plus@0.2.0
22 silly currentTree │ ├── async@1.5.2
22 silly currentTree │ ├── aws-sign2@0.6.0
22 silly currentTree │ ├─┬ aws4@1.3.2
22 silly currentTree │ │ └─┬ lru-cache@4.0.0
22 silly currentTree │ │   ├── pseudomap@1.0.2
22 silly currentTree │ │   └── yallist@2.0.0
22 silly currentTree │ ├── bl@1.0.3
22 silly currentTree │ ├── block-stream@0.0.8
22 silly currentTree │ ├── boom@2.10.1
22 silly currentTree │ ├── caseless@0.11.0
22 silly currentTree │ ├── chalk@1.1.1
22 silly currentTree │ ├── color-convert@1.0.0
22 silly currentTree │ ├── combined-stream@1.0.5
22 silly currentTree │ ├── commander@2.9.0
22 silly currentTree │ ├── core-util-is@1.0.2
22 silly currentTree │ ├── cryptiles@2.0.5
22 silly currentTree │ ├─┬ dashdash@1.13.0
22 silly currentTree │ │ └── assert-plus@1.0.0
22 silly currentTree │ ├── debug@2.2.0
22 silly currentTree │ ├── deep-extend@0.4.1
22 silly currentTree │ ├── delayed-stream@1.0.0
22 silly currentTree │ ├── delegates@1.0.0
22 silly currentTree │ ├── ecc-jsbn@0.1.1
22 silly currentTree │ ├── escape-string-regexp@1.0.5
22 silly currentTree │ ├── extend@3.0.0
22 silly currentTree │ ├── extsprintf@1.0.2
22 silly currentTree │ ├── forever-agent@0.6.1
22 silly currentTree │ ├── form-data@1.0.0-rc4
22 silly currentTree │ ├─┬ fstream-ignore@1.0.3
22 silly currentTree │ │ └─┬ minimatch@3.0.0
22 silly currentTree │ │   └─┬ brace-expansion@1.1.3
22 silly currentTree │ │     ├── balanced-match@0.3.0
22 silly currentTree │ │     └── concat-map@0.0.1
22 silly currentTree │ ├── fstream@1.0.8
22 silly currentTree │ ├── gauge@1.2.7
22 silly currentTree │ ├── generate-function@2.0.0
22 silly currentTree │ ├── generate-object-property@1.2.0
22 silly currentTree │ ├── graceful-fs@4.1.3
22 silly currentTree │ ├── graceful-readlink@1.0.1
22 silly currentTree │ ├── har-validator@2.0.6
22 silly currentTree │ ├── has-ansi@2.0.0
22 silly currentTree │ ├── has-unicode@2.0.0
22 silly currentTree │ ├── hawk@3.1.3
22 silly currentTree │ ├── hoek@2.16.3
22 silly currentTree │ ├── http-signature@1.1.1
22 silly currentTree │ ├── inherits@2.0.1
22 silly currentTree │ ├── ini@1.3.4
22 silly currentTree │ ├── is-my-json-valid@2.13.1
22 silly currentTree │ ├── is-property@1.0.2
22 silly currentTree │ ├── is-typedarray@1.0.0
22 silly currentTree │ ├── isarray@1.0.0
22 silly currentTree │ ├── isstream@0.1.2
22 silly currentTree │ ├── jodid25519@1.0.2
22 silly currentTree │ ├── jsbn@0.1.0
22 silly currentTree │ ├── json-schema@0.2.2
22 silly currentTree │ ├── json-stringify-safe@5.0.1
22 silly currentTree │ ├── jsonpointer@2.0.0
22 silly currentTree │ ├── jsprim@1.2.2
22 silly currentTree │ ├── lodash.pad@4.1.0
22 silly currentTree │ ├── lodash.padend@4.2.0
22 silly currentTree │ ├── lodash.padstart@4.2.0
22 silly currentTree │ ├── lodash.repeat@4.0.0
22 silly currentTree │ ├── lodash.tostring@4.1.2
22 silly currentTree │ ├── mime-db@1.22.0
22 silly currentTree │ ├── mime-types@2.1.10
22 silly currentTree │ ├── minimist@0.0.8
22 silly currentTree │ ├── mkdirp@0.5.1
22 silly currentTree │ ├── ms@0.7.1
22 silly currentTree │ ├─┬ node-pre-gyp@0.6.24
22 silly currentTree │ │ └─┬ nopt@3.0.6
22 silly currentTree │ │   └── abbrev@1.0.7
22 silly currentTree │ ├── node-uuid@1.4.7
22 silly currentTree │ ├── npmlog@2.0.3
22 silly currentTree │ ├── oauth-sign@0.8.1
22 silly currentTree │ ├── once@1.3.3
22 silly currentTree │ ├── pinkie-promise@2.0.0
22 silly currentTree │ ├── pinkie@2.0.4
22 silly currentTree │ ├── process-nextick-args@1.0.6
22 silly currentTree │ ├── qs@6.0.2
22 silly currentTree │ ├─┬ rc@1.1.6
22 silly currentTree │ │ └── minimist@1.2.0
22 silly currentTree │ ├── readable-stream@2.0.6
22 silly currentTree │ ├── request@2.69.0
22 silly currentTree │ ├─┬ rimraf@2.5.2
22 silly currentTree │ │ └─┬ glob@7.0.3
22 silly currentTree │ │   ├─┬ inflight@1.0.4
22 silly currentTree │ │   │ └── wrappy@1.0.1
22 silly currentTree │ │   ├── inherits@2.0.1
22 silly currentTree │ │   ├─┬ minimatch@3.0.0
22 silly currentTree │ │   │ └─┬ brace-expansion@1.1.3
22 silly currentTree │ │   │   ├── balanced-match@0.3.0
22 silly currentTree │ │   │   └── concat-map@0.0.1
22 silly currentTree │ │   ├─┬ once@1.3.3
22 silly currentTree │ │   │ └── wrappy@1.0.1
22 silly currentTree │ │   └── path-is-absolute@1.0.0
22 silly currentTree │ ├── semver@5.1.0
22 silly currentTree │ ├── sntp@1.0.9
22 silly currentTree │ ├── sshpk@1.7.4
22 silly currentTree │ ├── string_decoder@0.10.31
22 silly currentTree │ ├── stringstream@0.0.5
22 silly currentTree │ ├── strip-ansi@3.0.1
22 silly currentTree │ ├── strip-json-comments@1.0.4
22 silly currentTree │ ├── supports-color@2.0.0
22 silly currentTree │ ├── tar-pack@3.1.3
22 silly currentTree │ ├── tar@2.2.1
22 silly currentTree │ ├── tough-cookie@2.2.2
22 silly currentTree │ ├── tunnel-agent@0.4.2
22 silly currentTree │ ├── tweetnacl@0.14.1
22 silly currentTree │ ├── uid-number@0.0.6
22 silly currentTree │ ├── util-deprecate@1.0.2
22 silly currentTree │ ├── verror@1.3.6
22 silly currentTree │ ├── wrappy@1.0.1
22 silly currentTree │ └── xtend@4.0.1
22 silly currentTree ├── gaze@0.5.2
22 silly currentTree ├── get-stdin@4.0.1
22 silly currentTree ├── glob-base@0.3.0
22 silly currentTree ├── glob-parent@2.0.0
22 silly currentTree ├─┬ glob-stream@3.1.18
22 silly currentTree │ ├── glob@4.5.3
22 silly currentTree │ ├── isarray@0.0.1
22 silly currentTree │ ├── readable-stream@1.0.33
22 silly currentTree │ └── through2@0.6.5
22 silly currentTree ├── glob-watcher@0.0.6
22 silly currentTree ├── glob@6.0.4
22 silly currentTree ├── glob2base@0.0.12
22 silly currentTree ├── globals@8.18.0
22 silly currentTree ├─┬ globule@0.1.0
22 silly currentTree │ ├── glob@3.1.21
22 silly currentTree │ ├── graceful-fs@1.2.3
22 silly currentTree │ ├── inherits@1.0.2
22 silly currentTree │ ├── lodash@1.0.2
22 silly currentTree │ └── minimatch@0.2.14
22 silly currentTree ├── glogg@1.0.0
22 silly currentTree ├── graceful-fs@4.1.3
22 silly currentTree ├── graceful-readlink@1.0.1
22 silly currentTree ├── gulp-react@3.1.0
22 silly currentTree ├─┬ gulp-util@3.0.7
22 silly currentTree │ └── object-assign@3.0.0
22 silly currentTree ├─┬ gulp@3.9.1
22 silly currentTree │ └── interpret@1.0.0
22 silly currentTree ├── gulplog@1.0.0
22 silly currentTree ├── has-ansi@2.0.0
22 silly currentTree ├── has-flag@1.0.0
22 silly currentTree ├── has-gulplog@0.1.0
22 silly currentTree ├── has-own@1.0.0
22 silly currentTree ├── hoist-non-react-statics@1.0.5
22 silly currentTree ├── home-or-tmp@1.0.0
22 silly currentTree ├── hosted-git-info@2.1.4
22 silly currentTree ├── http-browserify@1.7.0
22 silly currentTree ├── https-browserify@0.0.0
22 silly currentTree ├── iconv-lite@0.4.13
22 silly currentTree ├── icss-replace-symbols@1.0.2
22 silly currentTree ├── ieee754@1.1.6
22 silly currentTree ├─┬ indent-string@2.1.0
22 silly currentTree │ └── repeating@2.0.0
22 silly currentTree ├── indexes-of@1.0.1
22 silly currentTree ├── indexof@0.0.1
22 silly currentTree ├── inflight@1.0.4
22 silly currentTree ├── inherits@2.0.1
22 silly currentTree ├── interpret@0.6.6
22 silly currentTree ├── invariant@2.2.1
22 silly currentTree ├── is-absolute-url@2.0.0
22 silly currentTree ├── is-arrayish@0.2.1
22 silly currentTree ├── is-binary-path@1.0.1
22 silly currentTree ├── is-buffer@1.1.3
22 silly currentTree ├── is-builtin-module@1.0.0
22 silly currentTree ├── is-dotfile@1.0.2
22 silly currentTree ├── is-equal-shallow@0.1.3
22 silly currentTree ├── is-extendable@0.1.1
22 silly currentTree ├── is-extglob@1.0.0
22 silly currentTree ├── is-finite@1.0.1
22 silly currentTree ├── is-glob@2.0.1
22 silly currentTree ├── is-integer@1.0.6
22 silly currentTree ├── is-number@2.1.0
22 silly currentTree ├── is-plain-obj@1.1.0
22 silly currentTree ├── is-primitive@2.0.0
22 silly currentTree ├── is-svg@1.1.1
22 silly currentTree ├── is-utf8@0.2.1
22 silly currentTree ├── isarray@1.0.0
22 silly currentTree ├─┬ isobject@2.0.0
22 silly currentTree │ └── isarray@0.0.1
22 silly currentTree ├── jquery@2.2.2
22 silly currentTree ├── js-base64@2.1.9
22 silly currentTree ├── js-tokens@1.0.2
22 silly currentTree ├─┬ js-yaml@3.5.5
22 silly currentTree │ └── esprima@2.7.2
22 silly currentTree ├── jsesc@0.5.0
22 silly currentTree ├── json5@0.4.0
22 silly currentTree ├── jsonfile@2.2.3
22 silly currentTree ├─┬ jstransform@10.1.0
22 silly currentTree │ └── source-map@0.1.31
22 silly currentTree ├── kind-of@3.0.2
22 silly currentTree ├── klaw@1.1.3
22 silly currentTree ├── lazy-cache@1.0.3
22 silly currentTree ├── less-loader@2.2.3
22 silly currentTree ├── liftoff@2.2.1
22 silly currentTree ├── load-json-file@1.1.0
22 silly currentTree ├── loader-utils@0.2.13
22 silly currentTree ├── lodash-es@4.6.1
22 silly currentTree ├── lodash._basecopy@3.0.1
22 silly currentTree ├── lodash._basetostring@3.0.1
22 silly currentTree ├── lodash._basevalues@3.0.0
22 silly currentTree ├── lodash._createcompounder@3.0.0
22 silly currentTree ├── lodash._getnative@3.9.1
22 silly currentTree ├── lodash._isiterateecall@3.0.9
22 silly currentTree ├── lodash._reescape@3.0.0
22 silly currentTree ├── lodash._reevaluate@3.0.0
22 silly currentTree ├── lodash._reinterpolate@3.0.0
22 silly currentTree ├── lodash._root@3.0.1
22 silly currentTree ├── lodash.camelcase@3.0.1
22 silly currentTree ├── lodash.deburr@3.2.0
22 silly currentTree ├── lodash.escape@3.2.0
22 silly currentTree ├── lodash.isarguments@3.0.8
22 silly currentTree ├── lodash.isarray@3.0.4
22 silly currentTree ├── lodash.keys@3.1.2
22 silly currentTree ├── lodash.restparam@3.6.1
22 silly currentTree ├── lodash.template@3.6.2
22 silly currentTree ├── lodash.templatesettings@3.1.1
22 silly currentTree ├── lodash.words@3.2.0
22 silly currentTree ├── lodash@4.6.1
22 silly currentTree ├── longest@1.0.1
22 silly currentTree ├── loose-envify@1.1.0
22 silly currentTree ├── loud-rejection@1.3.0
22 silly currentTree ├── lru-cache@2.7.3
22 silly currentTree ├── map-obj@1.0.1
22 silly currentTree ├── memory-fs@0.3.0
22 silly currentTree ├── meow@3.7.0
22 silly currentTree ├── micromatch@2.3.7
22 silly currentTree ├── minimatch@2.0.10
22 silly currentTree ├── minimist@1.2.0
22 silly currentTree ├─┬ mkdirp@0.5.1
22 silly currentTree │ └── minimist@0.0.8
22 silly currentTree ├── ms@0.7.1
22 silly currentTree ├── multipipe@0.1.2
22 silly currentTree ├── nan@2.2.0
22 silly currentTree ├── node-dir@0.1.11
22 silly currentTree ├─┬ node-libs-browser@0.5.3
22 silly currentTree │ ├── isarray@0.0.1
22 silly currentTree │ └── readable-stream@1.1.13
22 silly currentTree ├── normalize-package-data@2.3.5
22 silly currentTree ├── normalize-path@2.0.1
22 silly currentTree ├── normalize-range@0.1.2
22 silly currentTree ├── normalize-url@1.4.1
22 silly currentTree ├── num2fraction@1.2.2
22 silly currentTree ├── number-is-nan@1.0.0
22 silly currentTree ├── object-assign@4.0.1
22 silly currentTree ├── object.omit@2.0.0
22 silly currentTree ├── once@1.3.3
22 silly currentTree ├─┬ optimist@0.6.1
22 silly currentTree │ └── minimist@0.0.10
22 silly currentTree ├── orchestrator@0.3.7
22 silly currentTree ├── ordered-read-streams@0.1.0
22 silly currentTree ├── os-browserify@0.1.2
22 silly currentTree ├── os-homedir@1.0.1
22 silly currentTree ├── os-tmpdir@1.0.1
22 silly currentTree ├── pako@0.2.8
22 silly currentTree ├── parse-glob@3.0.4
22 silly currentTree ├── parse-json@2.2.0
22 silly currentTree ├── path-browserify@0.0.0
22 silly currentTree ├── path-exists@1.0.0
22 silly currentTree ├── path-is-absolute@1.0.0
22 silly currentTree ├── path-type@1.1.0
22 silly currentTree ├── pbkdf2-compat@2.0.1
22 silly currentTree ├── pify@2.3.0
22 silly currentTree ├── pinkie-promise@2.0.0
22 silly currentTree ├── pinkie@2.0.4
22 silly currentTree ├── postcss-calc@5.2.0
22 silly currentTree ├── postcss-colormin@2.2.0
22 silly currentTree ├── postcss-convert-values@2.3.4
22 silly currentTree ├── postcss-discard-comments@2.0.4
22 silly currentTree ├── postcss-discard-duplicates@2.0.1
22 silly currentTree ├── postcss-discard-empty@2.0.1
22 silly currentTree ├── postcss-discard-unused@2.2.1
22 silly currentTree ├── postcss-filter-plugins@2.0.0
22 silly currentTree ├── postcss-merge-idents@2.1.5
22 silly currentTree ├── postcss-merge-longhand@2.0.1
22 silly currentTree ├── postcss-merge-rules@2.0.6
22 silly currentTree ├── postcss-message-helpers@2.0.0
22 silly currentTree ├── postcss-minify-font-values@1.0.3
22 silly currentTree ├── postcss-minify-gradients@1.0.1
22 silly currentTree ├── postcss-minify-params@1.0.4
22 silly currentTree ├── postcss-minify-selectors@2.0.4
22 silly currentTree ├── postcss-modules-extract-imports@1.0.0
22 silly currentTree ├── postcss-modules-local-by-default@1.0.1
22 silly currentTree ├── postcss-modules-scope@1.0.0
22 silly currentTree ├── postcss-modules-values@1.1.2
22 silly currentTree ├── postcss-normalize-charset@1.1.0
22 silly currentTree ├── postcss-normalize-url@3.0.7
22 silly currentTree ├── postcss-ordered-values@2.1.0
22 silly currentTree ├── postcss-reduce-idents@2.3.0
22 silly currentTree ├── postcss-reduce-transforms@1.0.3
22 silly currentTree ├── postcss-selector-parser@1.3.3
22 silly currentTree ├── postcss-svgo@2.1.2
22 silly currentTree ├── postcss-unique-selectors@2.0.2
22 silly currentTree ├── postcss-value-parser@3.3.0
22 silly currentTree ├── postcss-zindex@2.0.1
22 silly currentTree ├─┬ postcss@5.0.19
22 silly currentTree │ └── supports-color@3.1.2
22 silly currentTree ├── prepend-http@1.0.3
22 silly currentTree ├── preserve@0.2.0
22 silly currentTree ├── pretty-hrtime@1.0.2
22 silly currentTree ├── private@0.1.6
22 silly currentTree ├── process-nextick-args@1.0.6
22 silly currentTree ├── process@0.11.2
22 silly currentTree ├── promise@7.1.1
22 silly currentTree ├── prr@0.0.0
22 silly currentTree ├── punycode@1.4.1
22 silly currentTree ├── q@1.4.1
22 silly currentTree ├── query-string@3.0.3
22 silly currentTree ├── querystring-es3@0.2.1
22 silly currentTree ├── querystring@0.2.0
22 silly currentTree ├── randomatic@1.1.5
22 silly currentTree ├── react-dom@0.14.7
22 silly currentTree ├── react-redux@4.4.1
22 silly currentTree ├── react-tools@0.13.3
22 silly currentTree ├── react@0.14.7
22 silly currentTree ├── read-pkg-up@1.0.1
22 silly currentTree ├── read-pkg@1.1.0
22 silly currentTree ├── readable-stream@2.0.6
22 silly currentTree ├── readdirp@2.0.0
22 silly currentTree ├─┬ recast@0.10.43
22 silly currentTree │ └── esprima-fb@15001.1001.0-dev-harmony-fb
22 silly currentTree ├── rechoir@0.6.2
22 silly currentTree ├── redent@1.0.0
22 silly currentTree ├─┬ reduce-css-calc@1.2.1
22 silly currentTree │ └── balanced-match@0.1.0
22 silly currentTree ├─┬ reduce-function-call@1.0.1
22 silly currentTree │ └── balanced-match@0.1.0
22 silly currentTree ├── redux@3.3.1
22 silly currentTree ├── regenerate@1.2.1
22 silly currentTree ├── regex-cache@0.4.2
22 silly currentTree ├── regexpu-core@1.0.0
22 silly currentTree ├── regjsgen@0.2.0
22 silly currentTree ├── regjsparser@0.1.5
22 silly currentTree ├── repeat-element@1.1.2
22 silly currentTree ├── repeat-string@1.5.4
22 silly currentTree ├── repeating@1.1.3
22 silly currentTree ├── replace-ext@0.0.1
22 silly currentTree ├── resolve@1.1.7
22 silly currentTree ├── right-align@0.1.3
22 silly currentTree ├─┬ rimraf@2.5.2
22 silly currentTree │ └── glob@7.0.3
22 silly currentTree ├── ripemd160@0.2.0
22 silly currentTree ├── sax@1.1.6
22 silly currentTree ├── semver@4.3.6
22 silly currentTree ├── sequencify@0.0.7
22 silly currentTree ├── sha.js@2.2.6
22 silly currentTree ├── shebang-regex@1.0.0
22 silly currentTree ├── sigmund@1.0.1
22 silly currentTree ├── signal-exit@2.1.2
22 silly currentTree ├── slash@1.0.0
22 silly currentTree ├─┬ snapsvg@0.2.0
22 silly currentTree │ └── eve@0.4.2
22 silly currentTree ├── sort-keys@1.1.1
22 silly currentTree ├── source-list-map@0.1.6
22 silly currentTree ├─┬ source-map-support@0.2.10
22 silly currentTree │ └── source-map@0.1.32
22 silly currentTree ├── source-map@0.5.3
22 silly currentTree ├── sparkles@1.0.0
22 silly currentTree ├── spdx-correct@1.0.2
22 silly currentTree ├── spdx-exceptions@1.0.4
22 silly currentTree ├── spdx-expression-parse@1.0.2
22 silly currentTree ├── spdx-license-ids@1.2.0
22 silly currentTree ├── sprintf-js@1.0.3
22 silly currentTree ├─┬ stream-browserify@1.0.0
22 silly currentTree │ ├── isarray@0.0.1
22 silly currentTree │ └── readable-stream@1.1.13
22 silly currentTree ├── stream-consume@0.1.0
22 silly currentTree ├── strict-uri-encode@1.1.0
22 silly currentTree ├── string_decoder@0.10.31
22 silly currentTree ├── strip-ansi@3.0.1
22 silly currentTree ├── strip-bom@2.0.0
22 silly currentTree ├── strip-indent@1.0.1
22 silly currentTree ├── style-loader@0.13.1
22 silly currentTree ├── supports-color@2.0.0
22 silly currentTree ├── svgo@0.6.3
22 silly currentTree ├── tapable@0.1.10
22 silly currentTree ├── through@2.3.8
22 silly currentTree ├── through2@2.0.1
22 silly currentTree ├── tildify@1.1.2
22 silly currentTree ├── time-stamp@1.0.0
22 silly currentTree ├── timers-browserify@1.4.2
22 silly currentTree ├── to-fast-properties@1.0.2
22 silly currentTree ├── trim-newlines@1.0.0
22 silly currentTree ├── trim-right@1.0.1
22 silly currentTree ├── tty-browserify@0.0.0
22 silly currentTree ├── ua-parser-js@0.7.10
22 silly currentTree ├─┬ uglify-js@2.6.2
22 silly currentTree │ └── async@0.2.10
22 silly currentTree ├── uglify-to-browserify@1.0.2
22 silly currentTree ├── uniq@1.0.1
22 silly currentTree ├── uniqid@1.0.0
22 silly currentTree ├── uniqs@2.0.0
22 silly currentTree ├── unique-stream@1.0.0
22 silly currentTree ├─┬ unzip@0.1.11
22 silly currentTree │ ├─┬ binary@0.3.0
22 silly currentTree │ │ ├── buffers@0.1.1
22 silly currentTree │ │ └─┬ chainsaw@0.1.0
22 silly currentTree │ │   └── traverse@0.3.9
22 silly currentTree │ ├─┬ fstream@0.1.31
22 silly currentTree │ │ ├── graceful-fs@3.0.8
22 silly currentTree │ │ ├── inherits@2.0.1
22 silly currentTree │ │ ├─┬ mkdirp@0.5.1
22 silly currentTree │ │ │ └── minimist@0.0.8
22 silly currentTree │ │ └─┬ rimraf@2.5.2
22 silly currentTree │ │   └─┬ glob@7.0.3
22 silly currentTree │ │     ├─┬ inflight@1.0.4
22 silly currentTree │ │     │ └── wrappy@1.0.1
22 silly currentTree │ │     ├─┬ minimatch@3.0.0
22 silly currentTree │ │     │ └─┬ brace-expansion@1.1.3
22 silly currentTree │ │     │   ├── balanced-match@0.3.0
22 silly currentTree │ │     │   └── concat-map@0.0.1
22 silly currentTree │ │     ├─┬ once@1.3.3
22 silly currentTree │ │     │ └── wrappy@1.0.1
22 silly currentTree │ │     └── path-is-absolute@1.0.0
22 silly currentTree │ ├─┬ match-stream@0.0.2
22 silly currentTree │ │ └── buffers@0.1.1
22 silly currentTree │ ├─┬ pullstream@0.4.1
22 silly currentTree │ │ ├── over@0.0.5
22 silly currentTree │ │ └── slice-stream@1.0.0
22 silly currentTree │ ├─┬ readable-stream@1.0.33
22 silly currentTree │ │ ├── core-util-is@1.0.2
22 silly currentTree │ │ ├── inherits@2.0.1
22 silly currentTree │ │ ├── isarray@0.0.1
22 silly currentTree │ │ └── string_decoder@0.10.31
22 silly currentTree │ └── setimmediate@1.0.4
22 silly currentTree ├─┬ url@0.10.3
22 silly currentTree │ └── punycode@1.3.2
22 silly currentTree ├── user-home@1.1.1
22 silly currentTree ├── util-deprecate@1.0.2
22 silly currentTree ├── util@0.10.3
22 silly currentTree ├── v8flags@2.0.11
22 silly currentTree ├── validate-npm-package-license@3.0.1
22 silly currentTree ├─┬ vinyl-fs@0.3.14
22 silly currentTree │ ├── clone@0.2.0
22 silly currentTree │ ├── graceful-fs@3.0.8
22 silly currentTree │ ├── isarray@0.0.1
22 silly currentTree │ ├── readable-stream@1.0.33
22 silly currentTree │ ├── strip-bom@1.0.0
22 silly currentTree │ ├── through2@0.6.5
22 silly currentTree │ └── vinyl@0.4.6
22 silly currentTree ├── vinyl-sourcemaps-apply@0.2.1
22 silly currentTree ├── vinyl@0.5.3
22 silly currentTree ├── vm-browserify@0.0.4
22 silly currentTree ├─┬ watchpack@0.2.9
22 silly currentTree │ └── async@0.9.2
22 silly currentTree ├─┬ webpack-core@0.6.8
22 silly currentTree │ └── source-map@0.4.4
22 silly currentTree ├─┬ webpack@1.12.14
22 silly currentTree │ ├── esprima@2.7.2
22 silly currentTree │ └── supports-color@3.1.2
22 silly currentTree ├── whatwg-fetch@0.9.0
22 silly currentTree ├── whet.extend@0.9.9
22 silly currentTree ├── window-size@0.1.0
22 silly currentTree ├── wordwrap@0.0.3
22 silly currentTree ├── wrappy@1.0.1
22 silly currentTree ├─┬ xml2js@0.4.16
22 silly currentTree │ ├── sax@1.1.6
22 silly currentTree │ └─┬ xmlbuilder@4.2.1
22 silly currentTree │   └── lodash@4.6.1
22 silly currentTree ├── xtend@4.0.1
22 silly currentTree └── yargs@3.10.0
23 silly idealTree Jelly@1.0.0
23 silly idealTree ├── align-text@0.1.4
23 silly idealTree ├── alphanum-sort@1.0.2
23 silly idealTree ├── amdefine@1.0.0
23 silly idealTree ├── ansi-regex@2.0.0
23 silly idealTree ├── ansi-styles@2.2.0
23 silly idealTree ├── anymatch@1.3.0
23 silly idealTree ├── archy@1.0.0
23 silly idealTree ├── argparse@1.0.7
23 silly idealTree ├── arr-diff@2.0.0
23 silly idealTree ├── arr-flatten@1.0.1
23 silly idealTree ├── array-differ@1.0.0
23 silly idealTree ├── array-find-index@1.0.1
23 silly idealTree ├── array-uniq@1.0.2
23 silly idealTree ├── array-unique@0.2.1
23 silly idealTree ├── arrify@1.0.1
23 silly idealTree ├── asap@2.0.3
23 silly idealTree ├── assert@1.3.0
23 silly idealTree ├── async-each@1.0.0
23 silly idealTree ├── async@1.5.2
23 silly idealTree ├── autoprefixer@6.3.4
23 silly idealTree ├── babel-code-frame@6.7.4
23 silly idealTree ├─┬ babel-core@6.7.4
23 silly idealTree │ └── lodash@3.10.1
23 silly idealTree ├─┬ babel-generator@6.7.2
23 silly idealTree │ └── lodash@3.10.1
23 silly idealTree ├─┬ babel-helper-builder-react-jsx@6.6.5
23 silly idealTree │ └── lodash@3.10.1
23 silly idealTree ├── babel-helper-call-delegate@6.6.5
23 silly idealTree ├─┬ babel-helper-define-map@6.6.5
23 silly idealTree │ └── lodash@3.10.1
23 silly idealTree ├── babel-helper-function-name@6.6.0
23 silly idealTree ├── babel-helper-get-function-arity@6.6.5
23 silly idealTree ├── babel-helper-hoist-variables@6.6.5
23 silly idealTree ├── babel-helper-optimise-call-expression@6.6.0
23 silly idealTree ├─┬ babel-helper-regex@6.6.5
23 silly idealTree │ └── lodash@3.10.1
23 silly idealTree ├── babel-helper-replace-supers@6.7.0
23 silly idealTree ├── babel-helpers@6.6.0
23 silly idealTree ├── babel-loader@6.2.4
23 silly idealTree ├── babel-messages@6.7.2
23 silly idealTree ├── babel-plugin-check-es2015-constants@6.7.2
23 silly idealTree ├── babel-plugin-syntax-async-functions@6.5.0
23 silly idealTree ├── babel-plugin-syntax-flow@6.5.0
23 silly idealTree ├── babel-plugin-syntax-jsx@6.5.0
23 silly idealTree ├── babel-plugin-transform-es2015-arrow-functions@6.5.2
23 silly idealTree ├── babel-plugin-transform-es2015-block-scoped-functions@6.6.5
23 silly idealTree ├─┬ babel-plugin-transform-es2015-block-scoping@6.7.1
23 silly idealTree │ └── lodash@3.10.1
23 silly idealTree ├── babel-plugin-transform-es2015-classes@6.6.5
23 silly idealTree ├── babel-plugin-transform-es2015-computed-properties@6.6.5
23 silly idealTree ├── babel-plugin-transform-es2015-destructuring@6.6.5
23 silly idealTree ├── babel-plugin-transform-es2015-duplicate-keys@6.6.4
23 silly idealTree ├── babel-plugin-transform-es2015-for-of@6.6.0
23 silly idealTree ├── babel-plugin-transform-es2015-function-name@6.5.0
23 silly idealTree ├── babel-plugin-transform-es2015-literals@6.5.0
23 silly idealTree ├── babel-plugin-transform-es2015-modules-commonjs@6.7.4
23 silly idealTree ├── babel-plugin-transform-es2015-object-super@6.6.5
23 silly idealTree ├── babel-plugin-transform-es2015-parameters@6.7.0
23 silly idealTree ├── babel-plugin-transform-es2015-shorthand-properties@6.5.0
23 silly idealTree ├── babel-plugin-transform-es2015-spread@6.6.5
23 silly idealTree ├── babel-plugin-transform-es2015-sticky-regex@6.5.0
23 silly idealTree ├── babel-plugin-transform-es2015-template-literals@6.6.5
23 silly idealTree ├── babel-plugin-transform-es2015-typeof-symbol@6.6.0
23 silly idealTree ├── babel-plugin-transform-es2015-unicode-regex@6.5.0
23 silly idealTree ├── babel-plugin-transform-flow-strip-types@6.7.0
23 silly idealTree ├── babel-plugin-transform-react-display-name@6.5.0
23 silly idealTree ├── babel-plugin-transform-react-jsx-source@6.5.0
23 silly idealTree ├── babel-plugin-transform-react-jsx@6.7.4
23 silly idealTree ├── babel-plugin-transform-regenerator@6.6.5
23 silly idealTree ├── babel-plugin-transform-strict-mode@6.6.5
23 silly idealTree ├── babel-preset-es2015@6.6.0
23 silly idealTree ├── babel-preset-react@6.5.0
23 silly idealTree ├─┬ babel-register@6.7.2
23 silly idealTree │ ├── core-js@2.2.1
23 silly idealTree │ └── lodash@3.10.1
23 silly idealTree ├── babel-runtime@5.8.38
23 silly idealTree ├─┬ babel-template@6.7.0
23 silly idealTree │ └── lodash@3.10.1
23 silly idealTree ├─┬ babel-traverse@6.7.4
23 silly idealTree │ └── lodash@3.10.1
23 silly idealTree ├─┬ babel-types@6.7.2
23 silly idealTree │ └── lodash@3.10.1
23 silly idealTree ├── babel@6.5.2
23 silly idealTree ├── babelify@7.2.0
23 silly idealTree ├── babylon@6.7.0
23 silly idealTree ├── balanced-match@0.3.0
23 silly idealTree ├── base62@0.1.1
23 silly idealTree ├── base64-js@0.0.8
23 silly idealTree ├── Base64@0.2.1
23 silly idealTree ├── beeper@1.1.0
23 silly idealTree ├── big.js@3.1.3
23 silly idealTree ├── binary-extensions@1.4.0
23 silly idealTree ├── bluebird@2.10.2
23 silly idealTree ├── brace-expansion@1.1.3
23 silly idealTree ├── braces@1.8.3
23 silly idealTree ├── browserify-zlib@0.1.4
23 silly idealTree ├── browserslist@1.3.0
23 silly idealTree ├── buffer@3.6.0
23 silly idealTree ├── builtin-modules@1.1.1
23 silly idealTree ├─┬ camelcase-keys@2.1.0
23 silly idealTree │ └── camelcase@2.1.1
23 silly idealTree ├── camelcase@1.2.1
23 silly idealTree ├── caniuse-db@1.0.30000436
23 silly idealTree ├── center-align@0.1.3
23 silly idealTree ├── chalk@1.1.1
23 silly idealTree ├── chokidar@1.4.3
23 silly idealTree ├── clap@1.1.0
23 silly idealTree ├─┬ cliui@2.1.0
23 silly idealTree │ └── wordwrap@0.0.2
23 silly idealTree ├── clone-stats@0.0.1
23 silly idealTree ├── clone@1.0.2
23 silly idealTree ├── coa@1.0.1
23 silly idealTree ├── color-convert@1.0.0
23 silly idealTree ├── color-name@1.1.1
23 silly idealTree ├── color-string@0.3.0
23 silly idealTree ├─┬ color@0.11.1
23 silly idealTree │ └── color-convert@0.5.3
23 silly idealTree ├── colormin@1.1.0
23 silly idealTree ├── colors@1.1.2
23 silly idealTree ├── concat-map@0.0.1
23 silly idealTree ├── console-browserify@1.1.0
23 silly idealTree ├── constants-browserify@0.0.1
23 silly idealTree ├── convert-source-map@1.2.0
23 silly idealTree ├─┬ copy-webpack-plugin@1.1.1
23 silly idealTree │ ├── lodash@3.10.1
23 silly idealTree │ └── minimatch@3.0.0
23 silly idealTree ├── core-js@1.2.6
23 silly idealTree ├── core-util-is@1.0.2
23 silly idealTree ├── crypto-browserify@3.2.8
23 silly idealTree ├── css-color-names@0.0.3
23 silly idealTree ├── css-loader@0.23.1
23 silly idealTree ├── css-selector-tokenizer@0.5.4
23 silly idealTree ├── cssesc@0.1.0
23 silly idealTree ├── cssnano@3.5.2
23 silly idealTree ├── csso@1.6.4
23 silly idealTree ├── date-now@0.1.4
23 silly idealTree ├── dateformat@1.0.12
23 silly idealTree ├── debug@2.2.0
23 silly idealTree ├── decamelize@1.2.0
23 silly idealTree ├── defaults@1.0.3
23 silly idealTree ├── defined@1.0.0
23 silly idealTree ├── deprecated@0.0.1
23 silly idealTree ├── detect-indent@3.0.1
23 silly idealTree ├── domain-browser@1.1.7
23 silly idealTree ├─┬ duplexer2@0.0.2
23 silly idealTree │ ├── isarray@0.0.1
23 silly idealTree │ └── readable-stream@1.1.13
23 silly idealTree ├── end-of-stream@0.1.5
23 silly idealTree ├─┬ enhanced-resolve@0.9.1
23 silly idealTree │ └── memory-fs@0.2.0
23 silly idealTree ├── envify@3.4.0
23 silly idealTree ├── errno@0.1.4
23 silly idealTree ├── error-ex@1.3.0
23 silly idealTree ├── escape-string-regexp@1.0.5
23 silly idealTree ├── esprima-fb@13001.1001.0-dev-harmony-fb
23 silly idealTree ├── esutils@2.0.2
23 silly idealTree ├── events@1.1.0
23 silly idealTree ├── expand-brackets@0.1.4
23 silly idealTree ├── expand-range@1.8.1
23 silly idealTree ├── extend@2.0.1
23 silly idealTree ├── extglob@0.3.2
23 silly idealTree ├── fancy-log@1.2.0
23 silly idealTree ├── fastparse@1.1.1
23 silly idealTree ├── fbjs@0.6.1
23 silly idealTree ├── filename-regex@2.0.0
23 silly idealTree ├── fill-range@2.2.3
23 silly idealTree ├── find-index@0.1.1
23 silly idealTree ├─┬ find-up@1.1.2
23 silly idealTree │ └── path-exists@2.1.0
23 silly idealTree ├─┬ findup-sync@0.3.0
23 silly idealTree │ └── glob@5.0.15
23 silly idealTree ├── first-chunk-stream@1.0.0
23 silly idealTree ├── flagged-respawn@0.3.2
23 silly idealTree ├── flatten@1.0.2
23 silly idealTree ├── for-in@0.1.4
23 silly idealTree ├── for-own@0.1.3
23 silly idealTree ├── fs-extra@0.26.7
23 silly idealTree ├─┬ fsevents@1.0.9
23 silly idealTree │ ├── ansi-regex@2.0.0
23 silly idealTree │ ├── ansi-styles@2.2.0
23 silly idealTree │ ├── ansi@0.3.1
23 silly idealTree │ ├── are-we-there-yet@1.1.2
23 silly idealTree │ ├── asn1@0.2.3
23 silly idealTree │ ├── assert-plus@0.2.0
23 silly idealTree │ ├── async@1.5.2
23 silly idealTree │ ├── aws-sign2@0.6.0
23 silly idealTree │ ├─┬ aws4@1.3.2
23 silly idealTree │ │ └─┬ lru-cache@4.0.0
23 silly idealTree │ │   ├── pseudomap@1.0.2
23 silly idealTree │ │   └── yallist@2.0.0
23 silly idealTree │ ├── bl@1.0.3
23 silly idealTree │ ├── block-stream@0.0.8
23 silly idealTree │ ├── boom@2.10.1
23 silly idealTree │ ├── caseless@0.11.0
23 silly idealTree │ ├── chalk@1.1.1
23 silly idealTree │ ├── color-convert@1.0.0
23 silly idealTree │ ├── combined-stream@1.0.5
23 silly idealTree │ ├── commander@2.9.0
23 silly idealTree │ ├── core-util-is@1.0.2
23 silly idealTree │ ├── cryptiles@2.0.5
23 silly idealTree │ ├─┬ dashdash@1.13.0
23 silly idealTree │ │ └── assert-plus@1.0.0
23 silly idealTree │ ├── debug@2.2.0
23 silly idealTree │ ├── deep-extend@0.4.1
23 silly idealTree │ ├── delayed-stream@1.0.0
23 silly idealTree │ ├── delegates@1.0.0
23 silly idealTree │ ├── ecc-jsbn@0.1.1
23 silly idealTree │ ├── escape-string-regexp@1.0.5
23 silly idealTree │ ├── extend@3.0.0
23 silly idealTree │ ├── extsprintf@1.0.2
23 silly idealTree │ ├── forever-agent@0.6.1
23 silly idealTree │ ├── form-data@1.0.0-rc4
23 silly idealTree │ ├─┬ fstream-ignore@1.0.3
23 silly idealTree │ │ └─┬ minimatch@3.0.0
23 silly idealTree │ │   └─┬ brace-expansion@1.1.3
23 silly idealTree │ │     ├── balanced-match@0.3.0
23 silly idealTree │ │     └── concat-map@0.0.1
23 silly idealTree │ ├── fstream@1.0.8
23 silly idealTree │ ├── gauge@1.2.7
23 silly idealTree │ ├── generate-function@2.0.0
23 silly idealTree │ ├── generate-object-property@1.2.0
23 silly idealTree │ ├── graceful-fs@4.1.3
23 silly idealTree │ ├── graceful-readlink@1.0.1
23 silly idealTree │ ├── har-validator@2.0.6
23 silly idealTree │ ├── has-ansi@2.0.0
23 silly idealTree │ ├── has-unicode@2.0.0
23 silly idealTree │ ├── hawk@3.1.3
23 silly idealTree │ ├── hoek@2.16.3
23 silly idealTree │ ├── http-signature@1.1.1
23 silly idealTree │ ├── inherits@2.0.1
23 silly idealTree │ ├── ini@1.3.4
23 silly idealTree │ ├── is-my-json-valid@2.13.1
23 silly idealTree │ ├── is-property@1.0.2
23 silly idealTree │ ├── is-typedarray@1.0.0
23 silly idealTree │ ├── isarray@1.0.0
23 silly idealTree │ ├── isstream@0.1.2
23 silly idealTree │ ├── jodid25519@1.0.2
23 silly idealTree │ ├── jsbn@0.1.0
23 silly idealTree │ ├── json-schema@0.2.2
23 silly idealTree │ ├── json-stringify-safe@5.0.1
23 silly idealTree │ ├── jsonpointer@2.0.0
23 silly idealTree │ ├── jsprim@1.2.2
23 silly idealTree │ ├── lodash.pad@4.1.0
23 silly idealTree │ ├── lodash.padend@4.2.0
23 silly idealTree │ ├── lodash.padstart@4.2.0
23 silly idealTree │ ├── lodash.repeat@4.0.0
23 silly idealTree │ ├── lodash.tostring@4.1.2
23 silly idealTree │ ├── mime-db@1.22.0
23 silly idealTree │ ├── mime-types@2.1.10
23 silly idealTree │ ├── minimist@0.0.8
23 silly idealTree │ ├── mkdirp@0.5.1
23 silly idealTree │ ├── ms@0.7.1
23 silly idealTree │ ├─┬ node-pre-gyp@0.6.24
23 silly idealTree │ │ └─┬ nopt@3.0.6
23 silly idealTree │ │   └── abbrev@1.0.7
23 silly idealTree │ ├── node-uuid@1.4.7
23 silly idealTree │ ├── npmlog@2.0.3
23 silly idealTree │ ├── oauth-sign@0.8.1
23 silly idealTree │ ├── once@1.3.3
23 silly idealTree │ ├── pinkie-promise@2.0.0
23 silly idealTree │ ├── pinkie@2.0.4
23 silly idealTree │ ├── process-nextick-args@1.0.6
23 silly idealTree │ ├── qs@6.0.2
23 silly idealTree │ ├─┬ rc@1.1.6
23 silly idealTree │ │ └── minimist@1.2.0
23 silly idealTree │ ├── readable-stream@2.0.6
23 silly idealTree │ ├── request@2.69.0
23 silly idealTree │ ├─┬ rimraf@2.5.2
23 silly idealTree │ │ └─┬ glob@7.0.3
23 silly idealTree │ │   ├─┬ inflight@1.0.4
23 silly idealTree │ │   │ └── wrappy@1.0.1
23 silly idealTree │ │   ├── inherits@2.0.1
23 silly idealTree │ │   ├─┬ minimatch@3.0.0
23 silly idealTree │ │   │ └─┬ brace-expansion@1.1.3
23 silly idealTree │ │   │   ├── balanced-match@0.3.0
23 silly idealTree │ │   │   └── concat-map@0.0.1
23 silly idealTree │ │   ├─┬ once@1.3.3
23 silly idealTree │ │   │ └── wrappy@1.0.1
23 silly idealTree │ │   └── path-is-absolute@1.0.0
23 silly idealTree │ ├── semver@5.1.0
23 silly idealTree │ ├── sntp@1.0.9
23 silly idealTree │ ├── sshpk@1.7.4
23 silly idealTree │ ├── string_decoder@0.10.31
23 silly idealTree │ ├── stringstream@0.0.5
23 silly idealTree │ ├── strip-ansi@3.0.1
23 silly idealTree │ ├── strip-json-comments@1.0.4
23 silly idealTree │ ├── supports-color@2.0.0
23 silly idealTree │ ├── tar-pack@3.1.3
23 silly idealTree │ ├── tar@2.2.1
23 silly idealTree │ ├── tough-cookie@2.2.2
23 silly idealTree │ ├── tunnel-agent@0.4.2
23 silly idealTree │ ├── tweetnacl@0.14.1
23 silly idealTree │ ├── uid-number@0.0.6
23 silly idealTree │ ├── util-deprecate@1.0.2
23 silly idealTree │ ├── verror@1.3.6
23 silly idealTree │ ├── wrappy@1.0.1
23 silly idealTree │ └── xtend@4.0.1
23 silly idealTree ├── gaze@0.5.2
23 silly idealTree ├── get-stdin@4.0.1
23 silly idealTree ├── glob-base@0.3.0
23 silly idealTree ├── glob-parent@2.0.0
23 silly idealTree ├─┬ glob-stream@3.1.18
23 silly idealTree │ ├── glob@4.5.3
23 silly idealTree │ ├── isarray@0.0.1
23 silly idealTree │ ├── readable-stream@1.0.33
23 silly idealTree │ └── through2@0.6.5
23 silly idealTree ├── glob-watcher@0.0.6
23 silly idealTree ├── glob@6.0.4
23 silly idealTree ├── glob2base@0.0.12
23 silly idealTree ├── globals@8.18.0
23 silly idealTree ├─┬ globule@0.1.0
23 silly idealTree │ ├── glob@3.1.21
23 silly idealTree │ ├── graceful-fs@1.2.3
23 silly idealTree │ ├── inherits@1.0.2
23 silly idealTree │ ├── lodash@1.0.2
23 silly idealTree │ └── minimatch@0.2.14
23 silly idealTree ├── glogg@1.0.0
23 silly idealTree ├── graceful-fs@4.1.3
23 silly idealTree ├── gulp-react@3.1.0
23 silly idealTree ├─┬ gulp-util@3.0.7
23 silly idealTree │ └── object-assign@3.0.0
23 silly idealTree ├─┬ gulp@3.9.1
23 silly idealTree │ └── interpret@1.0.0
23 silly idealTree ├── gulplog@1.0.0
23 silly idealTree ├── has-ansi@2.0.0
23 silly idealTree ├── has-flag@1.0.0
23 silly idealTree ├── has-gulplog@0.1.0
23 silly idealTree ├── has-own@1.0.0
23 silly idealTree ├── hoist-non-react-statics@1.0.5
23 silly idealTree ├── home-or-tmp@1.0.0
23 silly idealTree ├── hosted-git-info@2.1.4
23 silly idealTree ├── http-browserify@1.7.0
23 silly idealTree ├── https-browserify@0.0.0
23 silly idealTree ├── icss-replace-symbols@1.0.2
23 silly idealTree ├── ieee754@1.1.6
23 silly idealTree ├─┬ indent-string@2.1.0
23 silly idealTree │ └── repeating@2.0.0
23 silly idealTree ├── indexes-of@1.0.1
23 silly idealTree ├── indexof@0.0.1
23 silly idealTree ├── inflight@1.0.4
23 silly idealTree ├── inherits@2.0.1
23 silly idealTree ├── interpret@0.6.6
23 silly idealTree ├── invariant@2.2.1
23 silly idealTree ├── is-absolute-url@2.0.0
23 silly idealTree ├── is-arrayish@0.2.1
23 silly idealTree ├── is-binary-path@1.0.1
23 silly idealTree ├── is-buffer@1.1.3
23 silly idealTree ├── is-builtin-module@1.0.0
23 silly idealTree ├── is-dotfile@1.0.2
23 silly idealTree ├── is-equal-shallow@0.1.3
23 silly idealTree ├── is-extendable@0.1.1
23 silly idealTree ├── is-extglob@1.0.0
23 silly idealTree ├── is-finite@1.0.1
23 silly idealTree ├── is-glob@2.0.1
23 silly idealTree ├── is-integer@1.0.6
23 silly idealTree ├── is-number@2.1.0
23 silly idealTree ├── is-plain-obj@1.1.0
23 silly idealTree ├── is-primitive@2.0.0
23 silly idealTree ├── is-svg@1.1.1
23 silly idealTree ├── is-utf8@0.2.1
23 silly idealTree ├── isarray@1.0.0
23 silly idealTree ├─┬ isobject@2.0.0
23 silly idealTree │ └── isarray@0.0.1
23 silly idealTree ├── jquery@2.2.2
23 silly idealTree ├── js-base64@2.1.9
23 silly idealTree ├── js-tokens@1.0.2
23 silly idealTree ├─┬ js-yaml@3.5.5
23 silly idealTree │ └── esprima@2.7.2
23 silly idealTree ├── jsesc@0.5.0
23 silly idealTree ├── json5@0.4.0
23 silly idealTree ├── jsonfile@2.2.3
23 silly idealTree ├─┬ jstransform@10.1.0
23 silly idealTree │ └── source-map@0.1.31
23 silly idealTree ├── kind-of@3.0.2
23 silly idealTree ├── klaw@1.1.3
23 silly idealTree ├── lazy-cache@1.0.3
23 silly idealTree ├── less-loader@2.2.3
23 silly idealTree ├── liftoff@2.2.1
23 silly idealTree ├── load-json-file@1.1.0
23 silly idealTree ├── loader-utils@0.2.13
23 silly idealTree ├── lodash-es@4.6.1
23 silly idealTree ├── lodash._basecopy@3.0.1
23 silly idealTree ├── lodash._basetostring@3.0.1
23 silly idealTree ├── lodash._basevalues@3.0.0
23 silly idealTree ├── lodash._createcompounder@3.0.0
23 silly idealTree ├── lodash._getnative@3.9.1
23 silly idealTree ├── lodash._isiterateecall@3.0.9
23 silly idealTree ├── lodash._reescape@3.0.0
23 silly idealTree ├── lodash._reevaluate@3.0.0
23 silly idealTree ├── lodash._reinterpolate@3.0.0
23 silly idealTree ├── lodash._root@3.0.1
23 silly idealTree ├── lodash.camelcase@3.0.1
23 silly idealTree ├── lodash.deburr@3.2.0
23 silly idealTree ├── lodash.escape@3.2.0
23 silly idealTree ├── lodash.isarguments@3.0.8
23 silly idealTree ├── lodash.isarray@3.0.4
23 silly idealTree ├── lodash.keys@3.1.2
23 silly idealTree ├── lodash.restparam@3.6.1
23 silly idealTree ├── lodash.template@3.6.2
23 silly idealTree ├── lodash.templatesettings@3.1.1
23 silly idealTree ├── lodash.words@3.2.0
23 silly idealTree ├── lodash@4.6.1
23 silly idealTree ├── longest@1.0.1
23 silly idealTree ├── loose-envify@1.1.0
23 silly idealTree ├── loud-rejection@1.3.0
23 silly idealTree ├── lru-cache@2.7.3
23 silly idealTree ├── map-obj@1.0.1
23 silly idealTree ├── memory-fs@0.3.0
23 silly idealTree ├── meow@3.7.0
23 silly idealTree ├── micromatch@2.3.7
23 silly idealTree ├── minimatch@2.0.10
23 silly idealTree ├── minimist@1.2.0
23 silly idealTree ├─┬ mkdirp@0.5.1
23 silly idealTree │ └── minimist@0.0.8
23 silly idealTree ├── ms@0.7.1
23 silly idealTree ├── multipipe@0.1.2
23 silly idealTree ├── nan@2.2.0
23 silly idealTree ├── node-dir@0.1.11
23 silly idealTree ├─┬ node-libs-browser@0.5.3
23 silly idealTree │ ├── isarray@0.0.1
23 silly idealTree │ └── readable-stream@1.1.13
23 silly idealTree ├── normalize-package-data@2.3.5
23 silly idealTree ├── normalize-path@2.0.1
23 silly idealTree ├── normalize-range@0.1.2
23 silly idealTree ├── normalize-url@1.4.1
23 silly idealTree ├── num2fraction@1.2.2
23 silly idealTree ├── number-is-nan@1.0.0
23 silly idealTree ├── object-assign@4.0.1
23 silly idealTree ├── object.omit@2.0.0
23 silly idealTree ├── once@1.3.3
23 silly idealTree ├─┬ optimist@0.6.1
23 silly idealTree │ └── minimist@0.0.10
23 silly idealTree ├── orchestrator@0.3.7
23 silly idealTree ├── ordered-read-streams@0.1.0
23 silly idealTree ├── os-browserify@0.1.2
23 silly idealTree ├── os-homedir@1.0.1
23 silly idealTree ├── os-tmpdir@1.0.1
23 silly idealTree ├── pako@0.2.8
23 silly idealTree ├── parse-glob@3.0.4
23 silly idealTree ├── parse-json@2.2.0
23 silly idealTree ├── path-browserify@0.0.0
23 silly idealTree ├── path-exists@1.0.0
23 silly idealTree ├── path-is-absolute@1.0.0
23 silly idealTree ├── path-type@1.1.0
23 silly idealTree ├── pbkdf2-compat@2.0.1
23 silly idealTree ├── pify@2.3.0
23 silly idealTree ├── pinkie-promise@2.0.0
23 silly idealTree ├── pinkie@2.0.4
23 silly idealTree ├── postcss-calc@5.2.0
23 silly idealTree ├── postcss-colormin@2.2.0
23 silly idealTree ├── postcss-convert-values@2.3.4
23 silly idealTree ├── postcss-discard-comments@2.0.4
23 silly idealTree ├── postcss-discard-duplicates@2.0.1
23 silly idealTree ├── postcss-discard-empty@2.0.1
23 silly idealTree ├── postcss-discard-unused@2.2.1
23 silly idealTree ├── postcss-filter-plugins@2.0.0
23 silly idealTree ├── postcss-merge-idents@2.1.5
23 silly idealTree ├── postcss-merge-longhand@2.0.1
23 silly idealTree ├── postcss-merge-rules@2.0.6
23 silly idealTree ├── postcss-message-helpers@2.0.0
23 silly idealTree ├── postcss-minify-font-values@1.0.3
23 silly idealTree ├── postcss-minify-gradients@1.0.1
23 silly idealTree ├── postcss-minify-params@1.0.4
23 silly idealTree ├── postcss-minify-selectors@2.0.4
23 silly idealTree ├── postcss-modules-extract-imports@1.0.0
23 silly idealTree ├── postcss-modules-local-by-default@1.0.1
23 silly idealTree ├── postcss-modules-scope@1.0.0
23 silly idealTree ├── postcss-modules-values@1.1.2
23 silly idealTree ├── postcss-normalize-charset@1.1.0
23 silly idealTree ├── postcss-normalize-url@3.0.7
23 silly idealTree ├── postcss-ordered-values@2.1.0
23 silly idealTree ├── postcss-reduce-idents@2.3.0
23 silly idealTree ├── postcss-reduce-transforms@1.0.3
23 silly idealTree ├── postcss-selector-parser@1.3.3
23 silly idealTree ├── postcss-svgo@2.1.2
23 silly idealTree ├── postcss-unique-selectors@2.0.2
23 silly idealTree ├── postcss-value-parser@3.3.0
23 silly idealTree ├── postcss-zindex@2.0.1
23 silly idealTree ├─┬ postcss@5.0.19
23 silly idealTree │ └── supports-color@3.1.2
23 silly idealTree ├── prepend-http@1.0.3
23 silly idealTree ├── preserve@0.2.0
23 silly idealTree ├── pretty-hrtime@1.0.2
23 silly idealTree ├── private@0.1.6
23 silly idealTree ├── process-nextick-args@1.0.6
23 silly idealTree ├── process@0.11.2
23 silly idealTree ├── promise@7.1.1
23 silly idealTree ├── prr@0.0.0
23 silly idealTree ├── punycode@1.4.1
23 silly idealTree ├── q@1.4.1
23 silly idealTree ├── query-string@3.0.3
23 silly idealTree ├── querystring-es3@0.2.1
23 silly idealTree ├── querystring@0.2.0
23 silly idealTree ├── randomatic@1.1.5
23 silly idealTree ├── react-dom@0.14.7
23 silly idealTree ├── react-redux@4.4.1
23 silly idealTree ├── react@0.14.7
23 silly idealTree ├── read-pkg-up@1.0.1
23 silly idealTree ├── read-pkg@1.1.0
23 silly idealTree ├── readable-stream@2.0.6
23 silly idealTree ├── readdirp@2.0.0
23 silly idealTree ├── rechoir@0.6.2
23 silly idealTree ├── redent@1.0.0
23 silly idealTree ├─┬ reduce-css-calc@1.2.1
23 silly idealTree │ └── balanced-match@0.1.0
23 silly idealTree ├─┬ reduce-function-call@1.0.1
23 silly idealTree │ └── balanced-match@0.1.0
23 silly idealTree ├── redux@3.3.1
23 silly idealTree ├── regenerate@1.2.1
23 silly idealTree ├── regex-cache@0.4.2
23 silly idealTree ├── regexpu-core@1.0.0
23 silly idealTree ├── regjsgen@0.2.0
23 silly idealTree ├── regjsparser@0.1.5
23 silly idealTree ├── repeat-element@1.1.2
23 silly idealTree ├── repeat-string@1.5.4
23 silly idealTree ├── repeating@1.1.3
23 silly idealTree ├── replace-ext@0.0.1
23 silly idealTree ├── resolve@1.1.7
23 silly idealTree ├── right-align@0.1.3
23 silly idealTree ├─┬ rimraf@2.5.2
23 silly idealTree │ └── glob@7.0.3
23 silly idealTree ├── ripemd160@0.2.0
23 silly idealTree ├── sax@1.1.6
23 silly idealTree ├── semver@4.3.6
23 silly idealTree ├── sequencify@0.0.7
23 silly idealTree ├── sha.js@2.2.6
23 silly idealTree ├── shebang-regex@1.0.0
23 silly idealTree ├── sigmund@1.0.1
23 silly idealTree ├── signal-exit@2.1.2
23 silly idealTree ├── slash@1.0.0
23 silly idealTree ├─┬ snapsvg@0.2.0
23 silly idealTree │ └── eve@0.4.2
23 silly idealTree ├── sort-keys@1.1.1
23 silly idealTree ├── source-list-map@0.1.6
23 silly idealTree ├─┬ source-map-support@0.2.10
23 silly idealTree │ └── source-map@0.1.32
23 silly idealTree ├── source-map@0.5.3
23 silly idealTree ├── sparkles@1.0.0
23 silly idealTree ├── spdx-correct@1.0.2
23 silly idealTree ├── spdx-exceptions@1.0.4
23 silly idealTree ├── spdx-expression-parse@1.0.2
23 silly idealTree ├── spdx-license-ids@1.2.0
23 silly idealTree ├── sprintf-js@1.0.3
23 silly idealTree ├─┬ stream-browserify@1.0.0
23 silly idealTree │ ├── isarray@0.0.1
23 silly idealTree │ └── readable-stream@1.1.13
23 silly idealTree ├── stream-consume@0.1.0
23 silly idealTree ├── strict-uri-encode@1.1.0
23 silly idealTree ├── string_decoder@0.10.31
23 silly idealTree ├── strip-ansi@3.0.1
23 silly idealTree ├── strip-bom@2.0.0
23 silly idealTree ├── strip-indent@1.0.1
23 silly idealTree ├── style-loader@0.13.1
23 silly idealTree ├── supports-color@2.0.0
23 silly idealTree ├── svgo@0.6.3
23 silly idealTree ├── tapable@0.1.10
23 silly idealTree ├── through@2.3.8
23 silly idealTree ├── through2@2.0.1
23 silly idealTree ├── tildify@1.1.2
23 silly idealTree ├── time-stamp@1.0.0
23 silly idealTree ├── timers-browserify@1.4.2
23 silly idealTree ├── to-fast-properties@1.0.2
23 silly idealTree ├── trim-newlines@1.0.0
23 silly idealTree ├── trim-right@1.0.1
23 silly idealTree ├── tty-browserify@0.0.0
23 silly idealTree ├── ua-parser-js@0.7.10
23 silly idealTree ├─┬ uglify-js@2.6.2
23 silly idealTree │ └── async@0.2.10
23 silly idealTree ├── uglify-to-browserify@1.0.2
23 silly idealTree ├── uniq@1.0.1
23 silly idealTree ├── uniqid@1.0.0
23 silly idealTree ├── uniqs@2.0.0
23 silly idealTree ├── unique-stream@1.0.0
23 silly idealTree ├─┬ unzip@0.1.11
23 silly idealTree │ ├─┬ binary@0.3.0
23 silly idealTree │ │ ├── buffers@0.1.1
23 silly idealTree │ │ └─┬ chainsaw@0.1.0
23 silly idealTree │ │   └── traverse@0.3.9
23 silly idealTree │ ├─┬ fstream@0.1.31
23 silly idealTree │ │ ├── graceful-fs@3.0.8
23 silly idealTree │ │ ├── inherits@2.0.1
23 silly idealTree │ │ ├─┬ mkdirp@0.5.1
23 silly idealTree │ │ │ └── minimist@0.0.8
23 silly idealTree │ │ └─┬ rimraf@2.5.2
23 silly idealTree │ │   └─┬ glob@7.0.3
23 silly idealTree │ │     ├─┬ inflight@1.0.4
23 silly idealTree │ │     │ └── wrappy@1.0.1
23 silly idealTree │ │     ├─┬ minimatch@3.0.0
23 silly idealTree │ │     │ └─┬ brace-expansion@1.1.3
23 silly idealTree │ │     │   ├── balanced-match@0.3.0
23 silly idealTree │ │     │   └── concat-map@0.0.1
23 silly idealTree │ │     ├─┬ once@1.3.3
23 silly idealTree │ │     │ └── wrappy@1.0.1
23 silly idealTree │ │     └── path-is-absolute@1.0.0
23 silly idealTree │ ├─┬ match-stream@0.0.2
23 silly idealTree │ │ └── buffers@0.1.1
23 silly idealTree │ ├─┬ pullstream@0.4.1
23 silly idealTree │ │ ├── over@0.0.5
23 silly idealTree │ │ └── slice-stream@1.0.0
23 silly idealTree │ ├─┬ readable-stream@1.0.33
23 silly idealTree │ │ ├── core-util-is@1.0.2
23 silly idealTree │ │ ├── inherits@2.0.1
23 silly idealTree │ │ ├── isarray@0.0.1
23 silly idealTree │ │ └── string_decoder@0.10.31
23 silly idealTree │ └── setimmediate@1.0.4
23 silly idealTree ├─┬ url@0.10.3
23 silly idealTree │ └── punycode@1.3.2
23 silly idealTree ├── user-home@1.1.1
23 silly idealTree ├── util-deprecate@1.0.2
23 silly idealTree ├── util@0.10.3
23 silly idealTree ├── v8flags@2.0.11
23 silly idealTree ├── validate-npm-package-license@3.0.1
23 silly idealTree ├─┬ vinyl-fs@0.3.14
23 silly idealTree │ ├── clone@0.2.0
23 silly idealTree │ ├── graceful-fs@3.0.8
23 silly idealTree │ ├── isarray@0.0.1
23 silly idealTree │ ├── readable-stream@1.0.33
23 silly idealTree │ ├── strip-bom@1.0.0
23 silly idealTree │ ├── through2@0.6.5
23 silly idealTree │ └── vinyl@0.4.6
23 silly idealTree ├── vinyl-sourcemaps-apply@0.2.1
23 silly idealTree ├── vinyl@0.5.3
23 silly idealTree ├── vm-browserify@0.0.4
23 silly idealTree ├─┬ watchpack@0.2.9
23 silly idealTree │ └── async@0.9.2
23 silly idealTree ├─┬ webpack-core@0.6.8
23 silly idealTree │ └── source-map@0.4.4
23 silly idealTree ├─┬ webpack@1.12.14
23 silly idealTree │ ├── esprima@2.7.2
23 silly idealTree │ └── supports-color@3.1.2
23 silly idealTree ├── whatwg-fetch@0.9.0
23 silly idealTree ├── whet.extend@0.9.9
23 silly idealTree ├── window-size@0.1.0
23 silly idealTree ├── wordwrap@0.0.3
23 silly idealTree ├── wrappy@1.0.1
23 silly idealTree ├─┬ xml2js@0.4.16
23 silly idealTree │ ├── sax@1.1.6
23 silly idealTree │ └─┬ xmlbuilder@4.2.1
23 silly idealTree │   └── lodash@4.6.1
23 silly idealTree ├── xtend@4.0.1
23 silly idealTree └── yargs@3.10.0
24 silly generateActionsToTake Starting
25 silly install generateActionsToTake
26 warn checkPermissions Missing write access to /Users/roy/dev/Jelly/node_modules/commoner/node_modules
27 warn checkPermissions Missing write access to /Users/roy/dev/Jelly/node_modules/recast/node_modules
28 silly rollbackFailedOptional Starting
29 silly rollbackFailedOptional Finishing
30 silly runTopLevelLifecycles Starting
31 silly runTopLevelLifecycles Finishing
32 silly install printInstalled
33 warn less-loader@2.2.3 requires a peer of less@^2.3.1 but none was installed.
34 warn Jelly@1.0.0 No repository field.
35 warn Jelly@1.0.0 No license field.
36 verbose stack Error: EACCES: permission denied, access '/Users/roy/dev/Jelly/node_modules/commoner/node_modules'
36 verbose stack     at Error (native)
37 verbose cwd /Users/roy/dev/Jelly
38 error Darwin 14.1.0
39 error argv "/usr/local/bin/node" "/usr/local/bin/npm" "uninstall" "react-tools"
40 error node v5.9.0
41 error npm  v3.7.3
42 error path /Users/roy/dev/Jelly/node_modules/commoner/node_modules
43 error code EACCES
44 error errno -13
45 error syscall access
46 error Error: EACCES: permission denied, access '/Users/roy/dev/Jelly/node_modules/commoner/node_modules'
46 error     at Error (native)
46 error  { [Error: EACCES: permission denied, access '/Users/roy/dev/Jelly/node_modules/commoner/node_modules']
46 error   errno: -13,
46 error   code: 'EACCES',
46 error   syscall: 'access',
46 error   path: '/Users/roy/dev/Jelly/node_modules/commoner/node_modules' }
47 error Please try running this command again as root/Administrator.
48 verbose exit [ -13, true ]
